
*** Running vivado
    with args -log IROM.vds -m64 -product Vivado -mode batch -messageDb vivado.pb -notrace -source IROM.tcl


ECHO 处于关闭状态。
ECHO 处于关闭状态。

****** Vivado v2023.2 (64-bit)
  **** SW Build 4029153 on Fri Oct 13 20:14:34 MDT 2023
  **** IP Build 4028589 on Sat Oct 14 00:45:43 MDT 2023
  **** SharedData Build 4025554 on Tue Oct 10 17:18:54 MDT 2023
    ** Copyright 1986-2022 Xilinx, Inc. All Rights Reserved.
    ** Copyright 2022-2023 Advanced Micro Devices, Inc. All Rights Reserved.

source IROM.tcl -notrace
INFO: [IP_Flow 19-6924] IPCACHE: Running cache check for IP inst: IROM
INFO: [IP_Flow 19-6922] IPCACHE: Exporting cached entry ba35357d09d6d0f7 to dir: C:/Users/39551/Desktop/College Files/Contest/JinyedaCup/Complex-CPU-Design-Based-on-RISC-V/digital_twin/digital_twin.runs/IROM_synth_1
INFO: [IP_Flow 19-6928] IPCACHE: copied cached file c:/Users/39551/Desktop/College Files/Contest/JinyedaCup/Complex-CPU-Design-Based-on-RISC-V/digital_twin/digital_twin.cache/ip/2023.2/b/a/ba35357d09d6d0f7/IROM.dcp to C:/Users/39551/Desktop/College Files/Contest/JinyedaCup/Complex-CPU-Design-Based-on-RISC-V/digital_twin/digital_twin.runs/IROM_synth_1/IROM.dcp.
INFO: [IP_Flow 19-6928] IPCACHE: copied cached file c:/Users/39551/Desktop/College Files/Contest/JinyedaCup/Complex-CPU-Design-Based-on-RISC-V/digital_twin/digital_twin.cache/ip/2023.2/b/a/ba35357d09d6d0f7/IROM_sim_netlist.v to C:/Users/39551/Desktop/College Files/Contest/JinyedaCup/Complex-CPU-Design-Based-on-RISC-V/digital_twin/digital_twin.runs/IROM_synth_1/IROM_sim_netlist.v.
INFO: [IP_Flow 19-6928] IPCACHE: copied cached file c:/Users/39551/Desktop/College Files/Contest/JinyedaCup/Complex-CPU-Design-Based-on-RISC-V/digital_twin/digital_twin.cache/ip/2023.2/b/a/ba35357d09d6d0f7/IROM_sim_netlist.vhdl to C:/Users/39551/Desktop/College Files/Contest/JinyedaCup/Complex-CPU-Design-Based-on-RISC-V/digital_twin/digital_twin.runs/IROM_synth_1/IROM_sim_netlist.vhdl.
INFO: [IP_Flow 19-6928] IPCACHE: copied cached file c:/Users/39551/Desktop/College Files/Contest/JinyedaCup/Complex-CPU-Design-Based-on-RISC-V/digital_twin/digital_twin.cache/ip/2023.2/b/a/ba35357d09d6d0f7/IROM_stub.v to C:/Users/39551/Desktop/College Files/Contest/JinyedaCup/Complex-CPU-Design-Based-on-RISC-V/digital_twin/digital_twin.runs/IROM_synth_1/IROM_stub.v.
INFO: [IP_Flow 19-6928] IPCACHE: copied cached file c:/Users/39551/Desktop/College Files/Contest/JinyedaCup/Complex-CPU-Design-Based-on-RISC-V/digital_twin/digital_twin.cache/ip/2023.2/b/a/ba35357d09d6d0f7/IROM_stub.vhdl to C:/Users/39551/Desktop/College Files/Contest/JinyedaCup/Complex-CPU-Design-Based-on-RISC-V/digital_twin/digital_twin.runs/IROM_synth_1/IROM_stub.vhdl.
INFO: [IP_Flow 19-4838] Using cached IP synthesis design for IP IROM, cache-ID = ba35357d09d6d0f7.
INFO: [Common 17-206] Exiting Vivado at Thu May 15 17:12:59 2025...
