
*** Running vivado
    with args -log PLL.vds -m64 -product Vivado -mode batch -messageDb vivado.pb -notrace -source PLL.tcl


ECHO 处于关闭状态。
ECHO 处于关闭状态。

****** Vivado v2023.2 (64-bit)
  **** SW Build 4029153 on Fri Oct 13 20:14:34 MDT 2023
  **** IP Build 4028589 on Sat Oct 14 00:45:43 MDT 2023
  **** SharedData Build 4025554 on Tue Oct 10 17:18:54 MDT 2023
    ** Copyright 1986-2022 Xilinx, Inc. All Rights Reserved.
    ** Copyright 2022-2023 Advanced Micro Devices, Inc. All Rights Reserved.

source PLL.tcl -notrace
Command: synth_design -top PLL -part xc7k325tffg900-2 -incremental_mode off -mode out_of_context
Starting synth_design
Attempting to get a license for feature 'Synthesis' and/or device 'xc7k325t'
INFO: [Common 17-349] Got license for feature 'Synthesis' and/or device 'xc7k325t'
INFO: [Device 21-403] Loading part xc7k325tffg900-2
INFO: [Synth 8-7079] Multithreading enabled for synth_design using a maximum of 2 processes.
INFO: [Synth 8-7078] Launching helper process for spawning children vivado processes
INFO: [Synth 8-7075] Helper process launched with PID 49280
---------------------------------------------------------------------------------
Starting RTL Elaboration : Time (s): cpu = 00:00:16 ; elapsed = 00:00:25 . Memory (MB): peak = 1395.484 ; gain = 439.102
---------------------------------------------------------------------------------
INFO: [Synth 8-6157] synthesizing module 'PLL' [c:/Users/39551/Desktop/College Files/Contest/JinyedaCup/Complex-CPU-Design-Based-on-RISC-V/example_v2/project_uart.gen/sources_1/ip/PLL_1/PLL.v:66]
INFO: [Synth 8-6157] synthesizing module 'PLL_clk_wiz' [c:/Users/39551/Desktop/College Files/Contest/JinyedaCup/Complex-CPU-Design-Based-on-RISC-V/example_v2/project_uart.gen/sources_1/ip/PLL_1/PLL_clk_wiz.v:66]
INFO: [Synth 8-6157] synthesizing module 'IBUFDS' [D:/Xilinx/Vivado/2023.2/scripts/rt/data/unisim_comp.v:73646]
INFO: [Synth 8-6155] done synthesizing module 'IBUFDS' (0#1) [D:/Xilinx/Vivado/2023.2/scripts/rt/data/unisim_comp.v:73646]
INFO: [Synth 8-6157] synthesizing module 'PLLE2_ADV' [D:/Xilinx/Vivado/2023.2/scripts/rt/data/unisim_comp.v:111351]
	Parameter BANDWIDTH bound to: OPTIMIZED - type: string 
	Parameter CLKFBOUT_MULT bound to: 17 - type: integer 
	Parameter CLKFBOUT_PHASE bound to: 0.000000 - type: double 
	Parameter CLKIN1_PERIOD bound to: 20.000000 - type: double 
	Parameter CLKOUT0_DIVIDE bound to: 17 - type: integer 
	Parameter CLKOUT0_DUTY_CYCLE bound to: 0.500000 - type: double 
	Parameter CLKOUT0_PHASE bound to: 0.000000 - type: double 
	Parameter CLKOUT1_DIVIDE bound to: 17 - type: integer 
	Parameter CLKOUT1_DUTY_CYCLE bound to: 0.500000 - type: double 
	Parameter CLKOUT1_PHASE bound to: 0.000000 - type: double 
	Parameter COMPENSATION bound to: ZHOLD - type: string 
	Parameter DIVCLK_DIVIDE bound to: 1 - type: integer 
	Parameter STARTUP_WAIT bound to: FALSE - type: string 
INFO: [Synth 8-6155] done synthesizing module 'PLLE2_ADV' (0#1) [D:/Xilinx/Vivado/2023.2/scripts/rt/data/unisim_comp.v:111351]
INFO: [Synth 8-6157] synthesizing module 'BUFG' [D:/Xilinx/Vivado/2023.2/scripts/rt/data/unisim_comp.v:1951]
INFO: [Synth 8-6155] done synthesizing module 'BUFG' (0#1) [D:/Xilinx/Vivado/2023.2/scripts/rt/data/unisim_comp.v:1951]
INFO: [Synth 8-6155] done synthesizing module 'PLL_clk_wiz' (0#1) [c:/Users/39551/Desktop/College Files/Contest/JinyedaCup/Complex-CPU-Design-Based-on-RISC-V/example_v2/project_uart.gen/sources_1/ip/PLL_1/PLL_clk_wiz.v:66]
INFO: [Synth 8-6155] done synthesizing module 'PLL' (0#1) [c:/Users/39551/Desktop/College Files/Contest/JinyedaCup/Complex-CPU-Design-Based-on-RISC-V/example_v2/project_uart.gen/sources_1/ip/PLL_1/PLL.v:66]
---------------------------------------------------------------------------------
Finished RTL Elaboration : Time (s): cpu = 00:00:20 ; elapsed = 00:00:31 . Memory (MB): peak = 1506.410 ; gain = 550.027
---------------------------------------------------------------------------------
---------------------------------------------------------------------------------
Start Handling Custom Attributes
---------------------------------------------------------------------------------
---------------------------------------------------------------------------------
Finished Handling Custom Attributes : Time (s): cpu = 00:00:20 ; elapsed = 00:00:32 . Memory (MB): peak = 1506.410 ; gain = 550.027
---------------------------------------------------------------------------------
---------------------------------------------------------------------------------
Finished RTL Optimization Phase 1 : Time (s): cpu = 00:00:20 ; elapsed = 00:00:32 . Memory (MB): peak = 1506.410 ; gain = 550.027
---------------------------------------------------------------------------------
Netlist sorting complete. Time (s): cpu = 00:00:00 ; elapsed = 00:00:00.004 . Memory (MB): peak = 1506.410 ; gain = 0.000
INFO: [Netlist 29-17] Analyzing 2 Unisim elements for replacement
INFO: [Netlist 29-28] Unisim Transformation completed in 0 CPU seconds
INFO: [Project 1-570] Preparing netlist for logic optimization

Processing XDC Constraints
Initializing timing engine
Parsing XDC File [c:/Users/39551/Desktop/College Files/Contest/JinyedaCup/Complex-CPU-Design-Based-on-RISC-V/example_v2/project_uart.gen/sources_1/ip/PLL_1/PLL_ooc.xdc] for cell 'inst'
Finished Parsing XDC File [c:/Users/39551/Desktop/College Files/Contest/JinyedaCup/Complex-CPU-Design-Based-on-RISC-V/example_v2/project_uart.gen/sources_1/ip/PLL_1/PLL_ooc.xdc] for cell 'inst'
Parsing XDC File [c:/Users/39551/Desktop/College Files/Contest/JinyedaCup/Complex-CPU-Design-Based-on-RISC-V/example_v2/project_uart.gen/sources_1/ip/PLL_1/PLL_board.xdc] for cell 'inst'
Finished Parsing XDC File [c:/Users/39551/Desktop/College Files/Contest/JinyedaCup/Complex-CPU-Design-Based-on-RISC-V/example_v2/project_uart.gen/sources_1/ip/PLL_1/PLL_board.xdc] for cell 'inst'
Parsing XDC File [c:/Users/39551/Desktop/College Files/Contest/JinyedaCup/Complex-CPU-Design-Based-on-RISC-V/example_v2/project_uart.gen/sources_1/ip/PLL_1/PLL.xdc] for cell 'inst'
Finished Parsing XDC File [c:/Users/39551/Desktop/College Files/Contest/JinyedaCup/Complex-CPU-Design-Based-on-RISC-V/example_v2/project_uart.gen/sources_1/ip/PLL_1/PLL.xdc] for cell 'inst'
INFO: [Project 1-236] Implementation specific constraints were found while reading constraint file [c:/Users/39551/Desktop/College Files/Contest/JinyedaCup/Complex-CPU-Design-Based-on-RISC-V/example_v2/project_uart.gen/sources_1/ip/PLL_1/PLL.xdc]. These constraints will be ignored for synthesis but will be used in implementation. Impacted constraints are listed in the file [.Xil/PLL_propImpl.xdc].
Resolution: To avoid this warning, move constraints listed in [.Xil/PLL_propImpl.xdc] to another XDC file and exclude this new file from synthesis with the used_in_synthesis property (File Properties dialog in GUI) and re-run elaboration/synthesis.
INFO: [Timing 38-2] Deriving generated clocks
Parsing XDC File [C:/Users/39551/Desktop/College Files/Contest/JinyedaCup/Complex-CPU-Design-Based-on-RISC-V/example_v2/project_uart.runs/PLL_synth_1/dont_touch.xdc]
Finished Parsing XDC File [C:/Users/39551/Desktop/College Files/Contest/JinyedaCup/Complex-CPU-Design-Based-on-RISC-V/example_v2/project_uart.runs/PLL_synth_1/dont_touch.xdc]
Completed Processing XDC Constraints

Netlist sorting complete. Time (s): cpu = 00:00:00 ; elapsed = 00:00:00 . Memory (MB): peak = 1523.320 ; gain = 0.000
INFO: [Project 1-111] Unisim Transformation Summary:
No Unisim elements were transformed.

系统找不到指定的路径。
Constraint Validation Runtime : Time (s): cpu = 00:00:00 ; elapsed = 00:00:00.090 . Memory (MB): peak = 1523.320 ; gain = 0.000
INFO: [Designutils 20-5008] Incremental synthesis strategy off
---------------------------------------------------------------------------------
Finished Constraint Validation : Time (s): cpu = 00:01:08 ; elapsed = 00:02:30 . Memory (MB): peak = 1523.320 ; gain = 566.938
---------------------------------------------------------------------------------
---------------------------------------------------------------------------------
Start Loading Part and Timing Information
---------------------------------------------------------------------------------
Loading part: xc7k325tffg900-2
---------------------------------------------------------------------------------
Finished Loading Part and Timing Information : Time (s): cpu = 00:01:08 ; elapsed = 00:02:30 . Memory (MB): peak = 1523.320 ; gain = 566.938
---------------------------------------------------------------------------------
---------------------------------------------------------------------------------
Start Applying 'set_property' XDC Constraints
---------------------------------------------------------------------------------
Applied set_property KEEP_HIERARCHY = SOFT for inst. (constraint file  {C:/Users/39551/Desktop/College Files/Contest/JinyedaCup/Complex-CPU-Design-Based-on-RISC-V/example_v2/project_uart.runs/PLL_synth_1/dont_touch.xdc}, line 9).
---------------------------------------------------------------------------------
Finished applying 'set_property' XDC Constraints : Time (s): cpu = 00:01:08 ; elapsed = 00:02:30 . Memory (MB): peak = 1523.320 ; gain = 566.938
---------------------------------------------------------------------------------
---------------------------------------------------------------------------------
Finished RTL Optimization Phase 2 : Time (s): cpu = 00:01:09 ; elapsed = 00:02:31 . Memory (MB): peak = 1523.320 ; gain = 566.938
---------------------------------------------------------------------------------
---------------------------------------------------------------------------------
Start RTL Component Statistics 
---------------------------------------------------------------------------------
Detailed RTL Component Info : 
---------------------------------------------------------------------------------
Finished RTL Component Statistics 
---------------------------------------------------------------------------------
---------------------------------------------------------------------------------
Start Part Resource Summary
---------------------------------------------------------------------------------
Part Resources:
DSPs: 840 (col length:140)
BRAMs: 890 (col length: RAMB18 140 RAMB36 70)
---------------------------------------------------------------------------------
Finished Part Resource Summary
---------------------------------------------------------------------------------
---------------------------------------------------------------------------------
Start Cross Boundary and Area Optimization
---------------------------------------------------------------------------------
WARNING: [Synth 8-7080] Parallel synthesis criteria is not met
---------------------------------------------------------------------------------
Finished Cross Boundary and Area Optimization : Time (s): cpu = 00:01:13 ; elapsed = 00:02:40 . Memory (MB): peak = 1523.320 ; gain = 566.938
---------------------------------------------------------------------------------
---------------------------------------------------------------------------------
Start Applying XDC Timing Constraints
---------------------------------------------------------------------------------
---------------------------------------------------------------------------------
Finished Applying XDC Timing Constraints : Time (s): cpu = 00:01:31 ; elapsed = 00:03:06 . Memory (MB): peak = 1523.320 ; gain = 566.938
---------------------------------------------------------------------------------
---------------------------------------------------------------------------------
Start Timing Optimization
---------------------------------------------------------------------------------
---------------------------------------------------------------------------------
Finished Timing Optimization : Time (s): cpu = 00:01:31 ; elapsed = 00:03:06 . Memory (MB): peak = 1523.320 ; gain = 566.938
---------------------------------------------------------------------------------
---------------------------------------------------------------------------------
Start Technology Mapping
---------------------------------------------------------------------------------
---------------------------------------------------------------------------------
Finished Technology Mapping : Time (s): cpu = 00:01:32 ; elapsed = 00:03:06 . Memory (MB): peak = 1523.320 ; gain = 566.938
---------------------------------------------------------------------------------
---------------------------------------------------------------------------------
Start IO Insertion
---------------------------------------------------------------------------------
---------------------------------------------------------------------------------
Start Flattening Before IO Insertion
---------------------------------------------------------------------------------
---------------------------------------------------------------------------------
Finished Flattening Before IO Insertion
---------------------------------------------------------------------------------
---------------------------------------------------------------------------------
Start Final Netlist Cleanup
---------------------------------------------------------------------------------
---------------------------------------------------------------------------------
Finished Final Netlist Cleanup
---------------------------------------------------------------------------------
---------------------------------------------------------------------------------
Finished IO Insertion : Time (s): cpu = 00:01:48 ; elapsed = 00:03:31 . Memory (MB): peak = 1523.320 ; gain = 566.938
---------------------------------------------------------------------------------
---------------------------------------------------------------------------------
Start Renaming Generated Instances
---------------------------------------------------------------------------------
---------------------------------------------------------------------------------
Finished Renaming Generated Instances : Time (s): cpu = 00:01:48 ; elapsed = 00:03:31 . Memory (MB): peak = 1523.320 ; gain = 566.938
---------------------------------------------------------------------------------
---------------------------------------------------------------------------------
Start Rebuilding User Hierarchy
---------------------------------------------------------------------------------
---------------------------------------------------------------------------------
Finished Rebuilding User Hierarchy : Time (s): cpu = 00:01:48 ; elapsed = 00:03:31 . Memory (MB): peak = 1523.320 ; gain = 566.938
---------------------------------------------------------------------------------
---------------------------------------------------------------------------------
Start Renaming Generated Ports
---------------------------------------------------------------------------------
---------------------------------------------------------------------------------
Finished Renaming Generated Ports : Time (s): cpu = 00:01:48 ; elapsed = 00:03:31 . Memory (MB): peak = 1523.320 ; gain = 566.938
---------------------------------------------------------------------------------
---------------------------------------------------------------------------------
Start Handling Custom Attributes
---------------------------------------------------------------------------------
---------------------------------------------------------------------------------
Finished Handling Custom Attributes : Time (s): cpu = 00:01:48 ; elapsed = 00:03:31 . Memory (MB): peak = 1523.320 ; gain = 566.938
---------------------------------------------------------------------------------
---------------------------------------------------------------------------------
Start Renaming Generated Nets
---------------------------------------------------------------------------------
---------------------------------------------------------------------------------
Finished Renaming Generated Nets : Time (s): cpu = 00:01:48 ; elapsed = 00:03:31 . Memory (MB): peak = 1523.320 ; gain = 566.938
---------------------------------------------------------------------------------
---------------------------------------------------------------------------------
Start Writing Synthesis Report
---------------------------------------------------------------------------------

Report BlackBoxes: 
+-+--------------+----------+
| |BlackBox name |Instances |
+-+--------------+----------+
+-+--------------+----------+

Report Cell Usage: 
+------+----------+------+
|      |Cell      |Count |
+------+----------+------+
|1     |BUFG      |     3|
|2     |PLLE2_ADV |     1|
|3     |IBUFDS    |     1|
+------+----------+------+
---------------------------------------------------------------------------------
Finished Writing Synthesis Report : Time (s): cpu = 00:01:48 ; elapsed = 00:03:31 . Memory (MB): peak = 1523.320 ; gain = 566.938
---------------------------------------------------------------------------------
Synthesis finished with 0 errors, 0 critical warnings and 1 warnings.
Synthesis Optimization Runtime : Time (s): cpu = 00:01:22 ; elapsed = 00:03:18 . Memory (MB): peak = 1523.320 ; gain = 550.027
Synthesis Optimization Complete : Time (s): cpu = 00:01:48 ; elapsed = 00:03:32 . Memory (MB): peak = 1523.320 ; gain = 566.938
INFO: [Project 1-571] Translating synthesized netlist
Netlist sorting complete. Time (s): cpu = 00:00:00 ; elapsed = 00:00:00.001 . Memory (MB): peak = 1523.320 ; gain = 0.000
INFO: [Netlist 29-17] Analyzing 2 Unisim elements for replacement
INFO: [Netlist 29-28] Unisim Transformation completed in 0 CPU seconds
INFO: [Project 1-570] Preparing netlist for logic optimization
INFO: [Opt 31-138] Pushed 0 inverter(s) to 0 load pin(s).
Netlist sorting complete. Time (s): cpu = 00:00:00 ; elapsed = 00:00:00 . Memory (MB): peak = 1523.320 ; gain = 0.000
INFO: [Project 1-111] Unisim Transformation Summary:
No Unisim elements were transformed.

系统找不到指定的路径。
Synth Design complete | Checksum: d27fbb22
INFO: [Common 17-83] Releasing license: Synthesis
29 Infos, 1 Warnings, 0 Critical Warnings and 0 Errors encountered.
synth_design completed successfully
INFO: [Common 17-600] The following parameters have non-default value.
tcl.statsThreshold
Write ShapeDB Complete: Time (s): cpu = 00:00:00 ; elapsed = 00:00:00.035 . Memory (MB): peak = 1523.320 ; gain = 0.000
INFO: [Common 17-1381] The checkpoint 'C:/Users/39551/Desktop/College Files/Contest/JinyedaCup/Complex-CPU-Design-Based-on-RISC-V/example_v2/project_uart.runs/PLL_synth_1/PLL.dcp' has been generated.
INFO: [runtcl-4] Executing : report_utilization -file PLL_utilization_synth.rpt -pb PLL_utilization_synth.pb
INFO: [Common 17-206] Exiting Vivado at Sat May 10 21:41:02 2025...
