INFO: [VRFC 10-2263] Analyzing SystemVerilog file "E:/Xilinx/Vivado/2016.1/data/ip/xpm/xpm_cdc/hdl/xpm_cdc.sv" into library xil_defaultlib
INFO: [VRFC 10-311] analyzing module xpm_cdc_single
INFO: [VRFC 10-311] analyzing module xpm_cdc_gray
INFO: [VRFC 10-311] analyzing module xpm_cdc_handshake
INFO: [VRFC 10-311] analyzing module xpm_cdc_pulse
INFO: [VRFC 10-311] analyzing module xpm_cdc_array_single
INFO: [VRFC 10-311] analyzing module xpm_cdc_sync_rst
INFO: [VRFC 10-311] analyzing module xpm_cdc_async_rst
INFO: [VRFC 10-2263] Analyzing SystemVerilog file "E:/Xilinx/Vivado/2016.1/data/ip/xpm/xpm_memory/hdl/xpm_memory_base.sv" into library xil_defaultlib
INFO: [VRFC 10-311] analyzing module xpm_memory_base
INFO: [VRFC 10-2263] Analyzing SystemVerilog file "E:/Xilinx/Vivado/2016.1/data/ip/xpm/xpm_memory/hdl/xpm_memory_dpdistram.sv" into library xil_defaultlib
INFO: [VRFC 10-311] analyzing module xpm_memory_dpdistram
INFO: [VRFC 10-2263] Analyzing SystemVerilog file "E:/Xilinx/Vivado/2016.1/data/ip/xpm/xpm_memory/hdl/xpm_memory_dprom.sv" into library xil_defaultlib
INFO: [VRFC 10-311] analyzing module xpm_memory_dprom
INFO: [VRFC 10-2263] Analyzing SystemVerilog file "E:/Xilinx/Vivado/2016.1/data/ip/xpm/xpm_memory/hdl/xpm_memory_sdpram.sv" into library xil_defaultlib
INFO: [VRFC 10-311] analyzing module xpm_memory_sdpram
INFO: [VRFC 10-2263] Analyzing SystemVerilog file "E:/Xilinx/Vivado/2016.1/data/ip/xpm/xpm_memory/hdl/xpm_memory_spram.sv" into library xil_defaultlib
INFO: [VRFC 10-311] analyzing module xpm_memory_spram
INFO: [VRFC 10-2263] Analyzing SystemVerilog file "E:/Xilinx/Vivado/2016.1/data/ip/xpm/xpm_memory/hdl/xpm_memory_sprom.sv" into library xil_defaultlib
INFO: [VRFC 10-311] analyzing module xpm_memory_sprom
INFO: [VRFC 10-2263] Analyzing SystemVerilog file "E:/Xilinx/Vivado/2016.1/data/ip/xpm/xpm_memory/hdl/xpm_memory_tdpram.sv" into library xil_defaultlib
INFO: [VRFC 10-311] analyzing module xpm_memory_tdpram
INFO: [VRFC 10-2263] Analyzing Verilog file "E:/source/fpga/project_uart/project_uart.srcs/sources_1/new/clk_div_module.v" into library xil_defaultlib
INFO: [VRFC 10-311] analyzing module clk_div_module
INFO: [VRFC 10-2263] Analyzing Verilog file "E:/source/fpga/project_uart/project_uart.srcs/sources_1/new/uart_rx.v" into library xil_defaultlib
INFO: [VRFC 10-311] analyzing module uart_rx
INFO: [VRFC 10-2263] Analyzing Verilog file "E:/source/fpga/project_uart/project_uart.srcs/sources_1/new/uart_tx.v" into library xil_defaultlib
INFO: [VRFC 10-311] analyzing module uart_tx
INFO: [VRFC 10-2263] Analyzing Verilog file "E:/source/fpga/project_uart/project_uart.srcs/sources_1/new/rst_gen_module.v" into library xil_defaultlib
INFO: [VRFC 10-311] analyzing module rst_gen_module
INFO: [VRFC 10-2263] Analyzing Verilog file "E:/source/fpga/project_uart/project_uart.srcs/sources_1/new/uart_drive.v" into library xil_defaultlib
INFO: [VRFC 10-311] analyzing module uart_drive
INFO: [VRFC 10-2263] Analyzing Verilog file "E:/source/fpga/project_uart/project_uart.srcs/sim_1/new/uart_drive_tb.v" into library xil_defaultlib
INFO: [VRFC 10-311] analyzing module uart_drive_tb
INFO: [VRFC 10-2263] Analyzing Verilog file "E:/source/fpga/project_uart/project_uart.sim/sim_1/behav/glbl.v" into library xil_defaultlib
INFO: [VRFC 10-311] analyzing module glbl
INFO: [VRFC 10-163] Analyzing VHDL file "E:/Xilinx/Vivado/2016.1/data/ip/xpm/xpm_VCOMP.vhd" into library xpm
