INFO: [VRFC 10-2263] Analyzing Verilog file "C:/Users/39551/Desktop/College Files/Contest/JinyedaCup/Complex-CPU-Design-Based-on-RISC-V/RISC-V CPU/RISC-V CPU.gen/sources_1/ip/MEMORY/sim/MEMORY.v" into library xil_defaultlib
INFO: [VRFC 10-311] analyzing module MEMORY
INFO: [VRFC 10-2263] Analyzing Verilog file "C:/Users/39551/Desktop/College Files/Contest/JinyedaCup/Complex-CPU-Design-Based-on-RISC-V/RISC-V CPU/RISC-V CPU.srcs/sources_1/new/SPIC.v" into library xil_defaultlib
INFO: [VRFC 10-311] analyzing module SPIC_Pipeline
INFO: [VRFC 10-2263] Analyzing Verilog file "C:/Users/39551/Desktop/College Files/Contest/JinyedaCup/Complex-CPU-Design-Based-on-RISC-V/RISC-V CPU/RISC-V CPU.srcs/sources_1/new/alu.v" into library xil_defaultlib
INFO: [VRFC 10-311] analyzing module alu
INFO: [VRFC 10-2263] Analyzing Verilog file "C:/Users/39551/Desktop/College Files/Contest/JinyedaCup/Complex-CPU-Design-Based-on-RISC-V/RISC-V CPU/RISC-V CPU.srcs/sources_1/new/control_unit.v" into library xil_defaultlib
INFO: [VRFC 10-311] analyzing module control_unit
INFO: [VRFC 10-2263] Analyzing Verilog file "C:/Users/39551/Desktop/College Files/Contest/JinyedaCup/Complex-CPU-Design-Based-on-RISC-V/RISC-V CPU/RISC-V CPU.srcs/sources_1/new/data_memory.v" into library xil_defaultlib
INFO: [VRFC 10-311] analyzing module data_memory
INFO: [VRFC 10-2263] Analyzing Verilog file "C:/Users/39551/Desktop/College Files/Contest/JinyedaCup/Complex-CPU-Design-Based-on-RISC-V/RISC-V CPU/RISC-V CPU.srcs/sources_1/new/forwarding_unit.v" into library xil_defaultlib
INFO: [VRFC 10-311] analyzing module forwarding_unit
INFO: [VRFC 10-2263] Analyzing Verilog file "C:/Users/39551/Desktop/College Files/Contest/JinyedaCup/Complex-CPU-Design-Based-on-RISC-V/RISC-V CPU/RISC-V CPU.srcs/sources_1/new/hazard_detectioin_unit.v" into library xil_defaultlib
INFO: [VRFC 10-311] analyzing module hazard_detection_unit
INFO: [VRFC 10-2263] Analyzing Verilog file "C:/Users/39551/Desktop/College Files/Contest/JinyedaCup/Complex-CPU-Design-Based-on-RISC-V/RISC-V CPU/RISC-V CPU.srcs/sources_1/new/immediate_gen.v" into library xil_defaultlib
INFO: [VRFC 10-311] analyzing module immediate_gen
INFO: [VRFC 10-2263] Analyzing Verilog file "C:/Users/39551/Desktop/College Files/Contest/JinyedaCup/Complex-CPU-Design-Based-on-RISC-V/RISC-V CPU/RISC-V CPU.srcs/sources_1/new/instruction_memory.v" into library xil_defaultlib
INFO: [VRFC 10-311] analyzing module instruction_memory
INFO: [VRFC 10-2263] Analyzing Verilog file "C:/Users/39551/Desktop/College Files/Contest/JinyedaCup/Complex-CPU-Design-Based-on-RISC-V/RISC-V CPU/RISC-V CPU.srcs/sources_1/new/register_file.v" into library xil_defaultlib
INFO: [VRFC 10-311] analyzing module register_file
