Copyright 1986-2022 Xilinx, Inc. All Rights Reserved. Copyright 2022-2023 Advanced Micro Devices, Inc. All Rights Reserved.
---------------------------------------------------------------------------------------------------------------------------------------------
| Tool Version : Vivado v.2023.2 (lin64) Build 4029153 Fri Oct 13 20:13:54 MDT 2023
| Date         : Thu Feb 27 18:11:13 2025
| Host         : ketted-workstation running 64-bit Ubuntu 22.04.2 LTS
| Command      : upgrade_ip
| Device       : xc7k325tffg900-2
---------------------------------------------------------------------------------------------------------------------------------------------

Upgrade Log for IP 'blk_mem_gen_0'

1. Summary
----------

SUCCESS in the upgrade of blk_mem_gen_0 (xilinx.com:ip:blk_mem_gen:8.4) from (Rev. 5) to (Rev. 7)






Copyright 1986-2022 Xilinx, Inc. All Rights Reserved. Copyright 2022-2023 Advanced Micro Devices, Inc. All Rights Reserved.
---------------------------------------------------------------------------------------------------------------------------------------------
| Tool Version : Vivado v.2023.2 (lin64) Build 4029153 Fri Oct 13 20:13:54 MDT 2023
| Date         : Thu Feb 27 18:11:12 2025
| Host         : ketted-workstation running 64-bit Ubuntu 22.04.2 LTS
| Command      : upgrade_ip
| Device       : xc7k325tffg900-2
---------------------------------------------------------------------------------------------------------------------------------------------

Upgrade Log for IP 'PLL'

1. Summary
----------

SUCCESS in the upgrade of PLL (xilinx.com:ip:clk_wiz:6.0) from (Rev. 11) to (Rev. 13)

