
*** Running vivado
    with args -log top.vds -m64 -product Vivado -mode batch -messageDb vivado.pb -notrace -source top.tcl


ECHO 处于关闭状态。
ECHO 处于关闭状态。

****** Vivado v2023.2 (64-bit)
  **** SW Build 4029153 on Fri Oct 13 20:14:34 MDT 2023
  **** IP Build 4028589 on Sat Oct 14 00:45:43 MDT 2023
  **** SharedData Build 4025554 on Tue Oct 10 17:18:54 MDT 2023
    ** Copyright 1986-2022 Xilinx, Inc. All Rights Reserved.
    ** Copyright 2022-2023 Advanced Micro Devices, Inc. All Rights Reserved.

source top.tcl -notrace
create_project: Time (s): cpu = 00:00:05 ; elapsed = 00:00:09 . Memory (MB): peak = 493.668 ; gain = 182.043
Command: read_checkpoint -auto_incremental -incremental C:/Users/39551/Desktop/College/Contest/JinyedaCup/Complex-CPU-Design-Based-on-RISC-V/digital_twin/digital_twin.srcs/utils_1/imports/synth_1/top.dcp
INFO: [Vivado 12-5825] Read reference checkpoint from C:/Users/39551/Desktop/College/Contest/JinyedaCup/Complex-CPU-Design-Based-on-RISC-V/digital_twin/digital_twin.srcs/utils_1/imports/synth_1/top.dcp for incremental synthesis
INFO: [Vivado 12-7989] Please ensure there are no constraint changes
Command: synth_design -top top -part xc7k325tffg900-2
Starting synth_design
Attempting to get a license for feature 'Synthesis' and/or device 'xc7k325t'
INFO: [Common 17-349] Got license for feature 'Synthesis' and/or device 'xc7k325t'
INFO: [Device 21-403] Loading part xc7k325tffg900-2
INFO: [Designutils 20-5440] No compile time benefit to using incremental synthesis; A full resynthesis will be run
INFO: [Designutils 20-4379] Flow is switching to default flow due to incremental criteria not met. If you would like to alter this behaviour and have the flow terminate instead, please set the following parameter config_implementation {autoIncr.Synth.RejectBehavior Terminate}
INFO: [Synth 8-7079] Multithreading enabled for synth_design using a maximum of 2 processes.
INFO: [Synth 8-7078] Launching helper process for spawning children vivado processes
INFO: [Synth 8-7075] Helper process launched with PID 37832
---------------------------------------------------------------------------------
Starting RTL Elaboration : Time (s): cpu = 00:00:05 ; elapsed = 00:00:09 . Memory (MB): peak = 1398.465 ; gain = 441.152
---------------------------------------------------------------------------------
INFO: [Synth 8-6157] synthesizing module 'top' [C:/Users/39551/Desktop/College/Contest/JinyedaCup/Complex-CPU-Design-Based-on-RISC-V/digital_twin/digital_twin.srcs/sources_1/new/top.sv:23]
INFO: [Synth 8-6157] synthesizing module 'pll' [C:/Users/39551/Desktop/College/Contest/JinyedaCup/Complex-CPU-Design-Based-on-RISC-V/digital_twin/digital_twin.runs/synth_1/.Xil/Vivado-41356-YanX/realtime/pll_stub.v:6]
INFO: [Synth 8-6155] done synthesizing module 'pll' (0#1) [C:/Users/39551/Desktop/College/Contest/JinyedaCup/Complex-CPU-Design-Based-on-RISC-V/digital_twin/digital_twin.runs/synth_1/.Xil/Vivado-41356-YanX/realtime/pll_stub.v:6]
INFO: [Synth 8-6157] synthesizing module 'uart' [C:/Users/39551/Desktop/College/Contest/JinyedaCup/Complex-CPU-Design-Based-on-RISC-V/digital_twin/digital_twin.srcs/sources_1/new/uart.sv:22]
	Parameter CLK_FREQ bound to: 50000000 - type: integer 
	Parameter BAUD_RATE bound to: 9600 - type: integer 
INFO: [Synth 8-155] case statement is not full and has no default [C:/Users/39551/Desktop/College/Contest/JinyedaCup/Complex-CPU-Design-Based-on-RISC-V/digital_twin/digital_twin.srcs/sources_1/new/uart.sv:147]
INFO: [Synth 8-6155] done synthesizing module 'uart' (0#1) [C:/Users/39551/Desktop/College/Contest/JinyedaCup/Complex-CPU-Design-Based-on-RISC-V/digital_twin/digital_twin.srcs/sources_1/new/uart.sv:22]
INFO: [Synth 8-6157] synthesizing module 'twin_controller' [C:/Users/39551/Desktop/College/Contest/JinyedaCup/Complex-CPU-Design-Based-on-RISC-V/digital_twin/digital_twin.srcs/sources_1/new/twin_controller.sv:23]
INFO: [Synth 8-6155] done synthesizing module 'twin_controller' (0#1) [C:/Users/39551/Desktop/College/Contest/JinyedaCup/Complex-CPU-Design-Based-on-RISC-V/digital_twin/digital_twin.srcs/sources_1/new/twin_controller.sv:23]
INFO: [Synth 8-6157] synthesizing module 'student_top' [C:/Users/39551/Desktop/College/Contest/JinyedaCup/Complex-CPU-Design-Based-on-RISC-V/digital_twin/digital_twin.srcs/sources_1/new/student_top.sv:23]
INFO: [Synth 8-6157] synthesizing module 'SPIC_Pipeline' [C:/Users/39551/Desktop/College/Contest/JinyedaCup/Complex-CPU-Design-Based-on-RISC-V/digital_twin/digital_twin.srcs/sources_1/new/SPIC.v:1]
INFO: [Synth 8-6157] synthesizing module 'control_unit' [C:/Users/39551/Desktop/College/Contest/JinyedaCup/Complex-CPU-Design-Based-on-RISC-V/digital_twin/digital_twin.srcs/sources_1/new/control_unit.v:3]
INFO: [Synth 8-155] case statement is not full and has no default [C:/Users/39551/Desktop/College/Contest/JinyedaCup/Complex-CPU-Design-Based-on-RISC-V/digital_twin/digital_twin.srcs/sources_1/new/control_unit.v:108]
INFO: [Synth 8-155] case statement is not full and has no default [C:/Users/39551/Desktop/College/Contest/JinyedaCup/Complex-CPU-Design-Based-on-RISC-V/digital_twin/digital_twin.srcs/sources_1/new/control_unit.v:131]
INFO: [Synth 8-155] case statement is not full and has no default [C:/Users/39551/Desktop/College/Contest/JinyedaCup/Complex-CPU-Design-Based-on-RISC-V/digital_twin/digital_twin.srcs/sources_1/new/control_unit.v:149]
INFO: [Synth 8-155] case statement is not full and has no default [C:/Users/39551/Desktop/College/Contest/JinyedaCup/Complex-CPU-Design-Based-on-RISC-V/digital_twin/digital_twin.srcs/sources_1/new/control_unit.v:42]
INFO: [Synth 8-6155] done synthesizing module 'control_unit' (0#1) [C:/Users/39551/Desktop/College/Contest/JinyedaCup/Complex-CPU-Design-Based-on-RISC-V/digital_twin/digital_twin.srcs/sources_1/new/control_unit.v:3]
INFO: [Synth 8-6157] synthesizing module 'immediate_gen' [C:/Users/39551/Desktop/College/Contest/JinyedaCup/Complex-CPU-Design-Based-on-RISC-V/digital_twin/digital_twin.srcs/sources_1/new/immediate_gen.v:4]
INFO: [Synth 8-6155] done synthesizing module 'immediate_gen' (0#1) [C:/Users/39551/Desktop/College/Contest/JinyedaCup/Complex-CPU-Design-Based-on-RISC-V/digital_twin/digital_twin.srcs/sources_1/new/immediate_gen.v:4]
INFO: [Synth 8-6157] synthesizing module 'register_file' [C:/Users/39551/Desktop/College/Contest/JinyedaCup/Complex-CPU-Design-Based-on-RISC-V/digital_twin/digital_twin.srcs/sources_1/new/register_file.v:3]
INFO: [Synth 8-6155] done synthesizing module 'register_file' (0#1) [C:/Users/39551/Desktop/College/Contest/JinyedaCup/Complex-CPU-Design-Based-on-RISC-V/digital_twin/digital_twin.srcs/sources_1/new/register_file.v:3]
INFO: [Synth 8-6157] synthesizing module 'hazard_detection_unit' [C:/Users/39551/Desktop/College/Contest/JinyedaCup/Complex-CPU-Design-Based-on-RISC-V/digital_twin/digital_twin.srcs/sources_1/new/hazard_detectioin_unit.v:3]
INFO: [Synth 8-6155] done synthesizing module 'hazard_detection_unit' (0#1) [C:/Users/39551/Desktop/College/Contest/JinyedaCup/Complex-CPU-Design-Based-on-RISC-V/digital_twin/digital_twin.srcs/sources_1/new/hazard_detectioin_unit.v:3]
INFO: [Synth 8-6157] synthesizing module 'forwarding_unit' [C:/Users/39551/Desktop/College/Contest/JinyedaCup/Complex-CPU-Design-Based-on-RISC-V/digital_twin/digital_twin.srcs/sources_1/new/forwarding_unit.v:4]
INFO: [Synth 8-6155] done synthesizing module 'forwarding_unit' (0#1) [C:/Users/39551/Desktop/College/Contest/JinyedaCup/Complex-CPU-Design-Based-on-RISC-V/digital_twin/digital_twin.srcs/sources_1/new/forwarding_unit.v:4]
INFO: [Synth 8-6157] synthesizing module 'alu' [C:/Users/39551/Desktop/College/Contest/JinyedaCup/Complex-CPU-Design-Based-on-RISC-V/digital_twin/digital_twin.srcs/sources_1/new/alu.v:3]
INFO: [Synth 8-6155] done synthesizing module 'alu' (0#1) [C:/Users/39551/Desktop/College/Contest/JinyedaCup/Complex-CPU-Design-Based-on-RISC-V/digital_twin/digital_twin.srcs/sources_1/new/alu.v:3]
INFO: [Synth 8-6155] done synthesizing module 'SPIC_Pipeline' (0#1) [C:/Users/39551/Desktop/College/Contest/JinyedaCup/Complex-CPU-Design-Based-on-RISC-V/digital_twin/digital_twin.srcs/sources_1/new/SPIC.v:1]
INFO: [Synth 8-6157] synthesizing module 'IROM' [C:/Users/39551/Desktop/College/Contest/JinyedaCup/Complex-CPU-Design-Based-on-RISC-V/digital_twin/digital_twin.runs/synth_1/.Xil/Vivado-41356-YanX/realtime/IROM_stub.v:6]
INFO: [Synth 8-6155] done synthesizing module 'IROM' (0#1) [C:/Users/39551/Desktop/College/Contest/JinyedaCup/Complex-CPU-Design-Based-on-RISC-V/digital_twin/digital_twin.runs/synth_1/.Xil/Vivado-41356-YanX/realtime/IROM_stub.v:6]
INFO: [Synth 8-6157] synthesizing module 'perip_bridge' [C:/Users/39551/Desktop/College/Contest/JinyedaCup/Complex-CPU-Design-Based-on-RISC-V/digital_twin/digital_twin.srcs/sources_1/new/perip_bridge.sv:22]
INFO: [Synth 8-155] case statement is not full and has no default [C:/Users/39551/Desktop/College/Contest/JinyedaCup/Complex-CPU-Design-Based-on-RISC-V/digital_twin/digital_twin.srcs/sources_1/new/perip_bridge.sv:56]
INFO: [Synth 8-6157] synthesizing module 'display_seg' [C:/Users/39551/Desktop/College/Contest/JinyedaCup/Complex-CPU-Design-Based-on-RISC-V/digital_twin/digital_twin.srcs/sources_1/new/display_seg.sv:23]
INFO: [Synth 8-6157] synthesizing module 'seg7' [C:/Users/39551/Desktop/College/Contest/JinyedaCup/Complex-CPU-Design-Based-on-RISC-V/digital_twin/digital_twin.srcs/sources_1/new/seg7.sv:23]
INFO: [Synth 8-226] default block is never used [C:/Users/39551/Desktop/College/Contest/JinyedaCup/Complex-CPU-Design-Based-on-RISC-V/digital_twin/digital_twin.srcs/sources_1/new/seg7.sv:29]
INFO: [Synth 8-6155] done synthesizing module 'seg7' (0#1) [C:/Users/39551/Desktop/College/Contest/JinyedaCup/Complex-CPU-Design-Based-on-RISC-V/digital_twin/digital_twin.srcs/sources_1/new/seg7.sv:23]
INFO: [Synth 8-6155] done synthesizing module 'display_seg' (0#1) [C:/Users/39551/Desktop/College/Contest/JinyedaCup/Complex-CPU-Design-Based-on-RISC-V/digital_twin/digital_twin.srcs/sources_1/new/display_seg.sv:23]
INFO: [Synth 8-6157] synthesizing module 'dram_driver' [C:/Users/39551/Desktop/College/Contest/JinyedaCup/Complex-CPU-Design-Based-on-RISC-V/digital_twin/digital_twin.srcs/sources_1/new/dram_driver.sv:23]
INFO: [Synth 8-6157] synthesizing module 'DRAM' [C:/Users/39551/Desktop/College/Contest/JinyedaCup/Complex-CPU-Design-Based-on-RISC-V/digital_twin/digital_twin.runs/synth_1/.Xil/Vivado-41356-YanX/realtime/DRAM_stub.v:6]
INFO: [Synth 8-6155] done synthesizing module 'DRAM' (0#1) [C:/Users/39551/Desktop/College/Contest/JinyedaCup/Complex-CPU-Design-Based-on-RISC-V/digital_twin/digital_twin.runs/synth_1/.Xil/Vivado-41356-YanX/realtime/DRAM_stub.v:6]
INFO: [Synth 8-6155] done synthesizing module 'dram_driver' (0#1) [C:/Users/39551/Desktop/College/Contest/JinyedaCup/Complex-CPU-Design-Based-on-RISC-V/digital_twin/digital_twin.srcs/sources_1/new/dram_driver.sv:23]
INFO: [Synth 8-6157] synthesizing module 'counter' [C:/Users/39551/Desktop/College/Contest/JinyedaCup/Complex-CPU-Design-Based-on-RISC-V/digital_twin/digital_twin.srcs/sources_1/new/counter.sv:23]
INFO: [Synth 8-6155] done synthesizing module 'counter' (0#1) [C:/Users/39551/Desktop/College/Contest/JinyedaCup/Complex-CPU-Design-Based-on-RISC-V/digital_twin/digital_twin.srcs/sources_1/new/counter.sv:23]
INFO: [Synth 8-6155] done synthesizing module 'perip_bridge' (0#1) [C:/Users/39551/Desktop/College/Contest/JinyedaCup/Complex-CPU-Design-Based-on-RISC-V/digital_twin/digital_twin.srcs/sources_1/new/perip_bridge.sv:22]
INFO: [Synth 8-6155] done synthesizing module 'student_top' (0#1) [C:/Users/39551/Desktop/College/Contest/JinyedaCup/Complex-CPU-Design-Based-on-RISC-V/digital_twin/digital_twin.srcs/sources_1/new/student_top.sv:23]
INFO: [Synth 8-6155] done synthesizing module 'top' (0#1) [C:/Users/39551/Desktop/College/Contest/JinyedaCup/Complex-CPU-Design-Based-on-RISC-V/digital_twin/digital_twin.srcs/sources_1/new/top.sv:23]
WARNING: [Synth 8-6014] Unused sequential element IF_ID_RST_reg was removed.  [C:/Users/39551/Desktop/College/Contest/JinyedaCup/Complex-CPU-Design-Based-on-RISC-V/digital_twin/digital_twin.srcs/sources_1/new/SPIC.v:185]
WARNING: [Synth 8-6014] Unused sequential element ID_EX_BRANCH_reg was removed.  [C:/Users/39551/Desktop/College/Contest/JinyedaCup/Complex-CPU-Design-Based-on-RISC-V/digital_twin/digital_twin.srcs/sources_1/new/SPIC.v:200]
WARNING: [Synth 8-6014] Unused sequential element ID_EX_CSR_WRITE_reg was removed.  [C:/Users/39551/Desktop/College/Contest/JinyedaCup/Complex-CPU-Design-Based-on-RISC-V/digital_twin/digital_twin.srcs/sources_1/new/SPIC.v:202]
WARNING: [Synth 8-6014] Unused sequential element ID_EX_RST_reg was removed.  [C:/Users/39551/Desktop/College/Contest/JinyedaCup/Complex-CPU-Design-Based-on-RISC-V/digital_twin/digital_twin.srcs/sources_1/new/SPIC.v:204]
WARNING: [Synth 8-6014] Unused sequential element EX_MEM_PC_reg was removed.  [C:/Users/39551/Desktop/College/Contest/JinyedaCup/Complex-CPU-Design-Based-on-RISC-V/digital_twin/digital_twin.srcs/sources_1/new/SPIC.v:206]
WARNING: [Synth 8-6014] Unused sequential element EX_MEM_MEM_READ_reg was removed.  [C:/Users/39551/Desktop/College/Contest/JinyedaCup/Complex-CPU-Design-Based-on-RISC-V/digital_twin/digital_twin.srcs/sources_1/new/SPIC.v:211]
WARNING: [Synth 8-6014] Unused sequential element EX_MEM_BRANCH_reg was removed.  [C:/Users/39551/Desktop/College/Contest/JinyedaCup/Complex-CPU-Design-Based-on-RISC-V/digital_twin/digital_twin.srcs/sources_1/new/SPIC.v:214]
WARNING: [Synth 8-6014] Unused sequential element EX_MEM_JUMP_reg was removed.  [C:/Users/39551/Desktop/College/Contest/JinyedaCup/Complex-CPU-Design-Based-on-RISC-V/digital_twin/digital_twin.srcs/sources_1/new/SPIC.v:215]
WARNING: [Synth 8-6014] Unused sequential element EX_MEM_BRANCH_TAKEN_reg was removed.  [C:/Users/39551/Desktop/College/Contest/JinyedaCup/Complex-CPU-Design-Based-on-RISC-V/digital_twin/digital_twin.srcs/sources_1/new/SPIC.v:216]
WARNING: [Synth 8-6014] Unused sequential element EX_MEM_FLUSH_reg was removed.  [C:/Users/39551/Desktop/College/Contest/JinyedaCup/Complex-CPU-Design-Based-on-RISC-V/digital_twin/digital_twin.srcs/sources_1/new/SPIC.v:218]
WARNING: [Synth 8-6014] Unused sequential element EX_MEM_STALL_reg was removed.  [C:/Users/39551/Desktop/College/Contest/JinyedaCup/Complex-CPU-Design-Based-on-RISC-V/digital_twin/digital_twin.srcs/sources_1/new/SPIC.v:219]
WARNING: [Synth 8-6014] Unused sequential element EX_MEM_RST_reg was removed.  [C:/Users/39551/Desktop/College/Contest/JinyedaCup/Complex-CPU-Design-Based-on-RISC-V/digital_twin/digital_twin.srcs/sources_1/new/SPIC.v:220]
WARNING: [Synth 8-6014] Unused sequential element MEM_WB_PC_reg was removed.  [C:/Users/39551/Desktop/College/Contest/JinyedaCup/Complex-CPU-Design-Based-on-RISC-V/digital_twin/digital_twin.srcs/sources_1/new/SPIC.v:222]
WARNING: [Synth 8-6014] Unused sequential element MEM_WB_JUMP_reg was removed.  [C:/Users/39551/Desktop/College/Contest/JinyedaCup/Complex-CPU-Design-Based-on-RISC-V/digital_twin/digital_twin.srcs/sources_1/new/SPIC.v:228]
WARNING: [Synth 8-6014] Unused sequential element MEM_WB_FLUSH_reg was removed.  [C:/Users/39551/Desktop/College/Contest/JinyedaCup/Complex-CPU-Design-Based-on-RISC-V/digital_twin/digital_twin.srcs/sources_1/new/SPIC.v:229]
WARNING: [Synth 8-6014] Unused sequential element MEM_WB_STALL_reg was removed.  [C:/Users/39551/Desktop/College/Contest/JinyedaCup/Complex-CPU-Design-Based-on-RISC-V/digital_twin/digital_twin.srcs/sources_1/new/SPIC.v:230]
WARNING: [Synth 8-6014] Unused sequential element MEM_WB_RST_reg was removed.  [C:/Users/39551/Desktop/College/Contest/JinyedaCup/Complex-CPU-Design-Based-on-RISC-V/digital_twin/digital_twin.srcs/sources_1/new/SPIC.v:231]
WARNING: [Synth 8-6014] Unused sequential element WB_RST_reg was removed.  [C:/Users/39551/Desktop/College/Contest/JinyedaCup/Complex-CPU-Design-Based-on-RISC-V/digital_twin/digital_twin.srcs/sources_1/new/SPIC.v:233]
WARNING: [Synth 8-6014] Unused sequential element WB_FLUSH_reg was removed.  [C:/Users/39551/Desktop/College/Contest/JinyedaCup/Complex-CPU-Design-Based-on-RISC-V/digital_twin/digital_twin.srcs/sources_1/new/SPIC.v:234]
WARNING: [Synth 8-6014] Unused sequential element WB_STALL_reg was removed.  [C:/Users/39551/Desktop/College/Contest/JinyedaCup/Complex-CPU-Design-Based-on-RISC-V/digital_twin/digital_twin.srcs/sources_1/new/SPIC.v:235]
WARNING: [Synth 8-7129] Port ID_EX_JUMP in module hazard_detection_unit is either unconnected or has no load
WARNING: [Synth 8-7129] Port clk in module register_file is either unconnected or has no load
WARNING: [Synth 8-7129] Port instr[6] in module immediate_gen is either unconnected or has no load
WARNING: [Synth 8-7129] Port instr[5] in module immediate_gen is either unconnected or has no load
WARNING: [Synth 8-7129] Port instr[4] in module immediate_gen is either unconnected or has no load
WARNING: [Synth 8-7129] Port instr[3] in module immediate_gen is either unconnected or has no load
WARNING: [Synth 8-7129] Port instr[2] in module immediate_gen is either unconnected or has no load
WARNING: [Synth 8-7129] Port instr[1] in module immediate_gen is either unconnected or has no load
WARNING: [Synth 8-7129] Port instr[0] in module immediate_gen is either unconnected or has no load
---------------------------------------------------------------------------------
Finished RTL Elaboration : Time (s): cpu = 00:00:07 ; elapsed = 00:00:12 . Memory (MB): peak = 1518.184 ; gain = 560.871
---------------------------------------------------------------------------------
---------------------------------------------------------------------------------
Start Handling Custom Attributes
---------------------------------------------------------------------------------
---------------------------------------------------------------------------------
Finished Handling Custom Attributes : Time (s): cpu = 00:00:07 ; elapsed = 00:00:12 . Memory (MB): peak = 1518.184 ; gain = 560.871
---------------------------------------------------------------------------------
---------------------------------------------------------------------------------
Finished RTL Optimization Phase 1 : Time (s): cpu = 00:00:07 ; elapsed = 00:00:12 . Memory (MB): peak = 1518.184 ; gain = 560.871
---------------------------------------------------------------------------------
Netlist sorting complete. Time (s): cpu = 00:00:00 ; elapsed = 00:00:00.043 . Memory (MB): peak = 1518.184 ; gain = 0.000
INFO: [Project 1-570] Preparing netlist for logic optimization

Processing XDC Constraints
Initializing timing engine
Parsing XDC File [c:/Users/39551/Desktop/College/Contest/JinyedaCup/Complex-CPU-Design-Based-on-RISC-V/digital_twin/digital_twin.gen/sources_1/ip/IROM_1/IROM/IROM_in_context.xdc] for cell 'student_top_inst/Mem_IROM'
Finished Parsing XDC File [c:/Users/39551/Desktop/College/Contest/JinyedaCup/Complex-CPU-Design-Based-on-RISC-V/digital_twin/digital_twin.gen/sources_1/ip/IROM_1/IROM/IROM_in_context.xdc] for cell 'student_top_inst/Mem_IROM'
Parsing XDC File [c:/Users/39551/Desktop/College/Contest/JinyedaCup/Complex-CPU-Design-Based-on-RISC-V/digital_twin/digital_twin.gen/sources_1/ip/pll_1/pll/pll_in_context.xdc] for cell 'pll_inst'
Finished Parsing XDC File [c:/Users/39551/Desktop/College/Contest/JinyedaCup/Complex-CPU-Design-Based-on-RISC-V/digital_twin/digital_twin.gen/sources_1/ip/pll_1/pll/pll_in_context.xdc] for cell 'pll_inst'
Parsing XDC File [c:/Users/39551/Desktop/College/Contest/JinyedaCup/Complex-CPU-Design-Based-on-RISC-V/digital_twin/digital_twin.gen/sources_1/ip/DRAM_1/DRAM/DRAM_in_context.xdc] for cell 'student_top_inst/bridge_inst/dram_driver_inst/Mem_DRAM'
Finished Parsing XDC File [c:/Users/39551/Desktop/College/Contest/JinyedaCup/Complex-CPU-Design-Based-on-RISC-V/digital_twin/digital_twin.gen/sources_1/ip/DRAM_1/DRAM/DRAM_in_context.xdc] for cell 'student_top_inst/bridge_inst/dram_driver_inst/Mem_DRAM'
Parsing XDC File [C:/Users/39551/Desktop/College/Contest/JinyedaCup/Complex-CPU-Design-Based-on-RISC-V/digital_twin/digital_twin.srcs/constrs_1/new/digital_twin.xdc]
Finished Parsing XDC File [C:/Users/39551/Desktop/College/Contest/JinyedaCup/Complex-CPU-Design-Based-on-RISC-V/digital_twin/digital_twin.srcs/constrs_1/new/digital_twin.xdc]
INFO: [Project 1-236] Implementation specific constraints were found while reading constraint file [C:/Users/39551/Desktop/College/Contest/JinyedaCup/Complex-CPU-Design-Based-on-RISC-V/digital_twin/digital_twin.srcs/constrs_1/new/digital_twin.xdc]. These constraints will be ignored for synthesis but will be used in implementation. Impacted constraints are listed in the file [.Xil/top_propImpl.xdc].
Resolution: To avoid this warning, move constraints listed in [.Xil/top_propImpl.xdc] to another XDC file and exclude this new file from synthesis with the used_in_synthesis property (File Properties dialog in GUI) and re-run elaboration/synthesis.
Parsing XDC File [C:/Users/39551/Desktop/College/Contest/JinyedaCup/Complex-CPU-Design-Based-on-RISC-V/digital_twin/digital_twin.runs/synth_1/dont_touch.xdc]
Finished Parsing XDC File [C:/Users/39551/Desktop/College/Contest/JinyedaCup/Complex-CPU-Design-Based-on-RISC-V/digital_twin/digital_twin.runs/synth_1/dont_touch.xdc]
Completed Processing XDC Constraints

Netlist sorting complete. Time (s): cpu = 00:00:00 ; elapsed = 00:00:00.001 . Memory (MB): peak = 1606.363 ; gain = 0.000
INFO: [Project 1-111] Unisim Transformation Summary:
No Unisim elements were transformed.

系统找不到指定的路径。
Constraint Validation Runtime : Time (s): cpu = 00:00:00 ; elapsed = 00:00:00.012 . Memory (MB): peak = 1606.363 ; gain = 0.000
INFO: [Designutils 20-5440] No compile time benefit to using incremental synthesis; A full resynthesis will be run
INFO: [Designutils 20-4379] Flow is switching to default flow due to incremental criteria not met. If you would like to alter this behaviour and have the flow terminate instead, please set the following parameter config_implementation {autoIncr.Synth.RejectBehavior Terminate}
---------------------------------------------------------------------------------
Finished Constraint Validation : Time (s): cpu = 00:00:14 ; elapsed = 00:00:23 . Memory (MB): peak = 1606.363 ; gain = 649.051
---------------------------------------------------------------------------------
---------------------------------------------------------------------------------
Start Loading Part and Timing Information
---------------------------------------------------------------------------------
Loading part: xc7k325tffg900-2
---------------------------------------------------------------------------------
Finished Loading Part and Timing Information : Time (s): cpu = 00:00:14 ; elapsed = 00:00:23 . Memory (MB): peak = 1606.363 ; gain = 649.051
---------------------------------------------------------------------------------
---------------------------------------------------------------------------------
Start Applying 'set_property' XDC Constraints
---------------------------------------------------------------------------------
Applied set_property IO_BUFFER_TYPE = NONE for i_sys_clk_n. (constraint file  c:/Users/39551/Desktop/College/Contest/JinyedaCup/Complex-CPU-Design-Based-on-RISC-V/digital_twin/digital_twin.gen/sources_1/ip/pll_1/pll/pll_in_context.xdc, line 4).
Applied set_property CLOCK_BUFFER_TYPE = NONE for i_sys_clk_n. (constraint file  c:/Users/39551/Desktop/College/Contest/JinyedaCup/Complex-CPU-Design-Based-on-RISC-V/digital_twin/digital_twin.gen/sources_1/ip/pll_1/pll/pll_in_context.xdc, line 5).
Applied set_property IO_BUFFER_TYPE = NONE for i_sys_clk_p. (constraint file  c:/Users/39551/Desktop/College/Contest/JinyedaCup/Complex-CPU-Design-Based-on-RISC-V/digital_twin/digital_twin.gen/sources_1/ip/pll_1/pll/pll_in_context.xdc, line 6).
Applied set_property CLOCK_BUFFER_TYPE = NONE for i_sys_clk_p. (constraint file  c:/Users/39551/Desktop/College/Contest/JinyedaCup/Complex-CPU-Design-Based-on-RISC-V/digital_twin/digital_twin.gen/sources_1/ip/pll_1/pll/pll_in_context.xdc, line 7).
Applied set_property KEEP_HIERARCHY = SOFT for student_top_inst/Mem_IROM. (constraint file  auto generated constraint).
Applied set_property KEEP_HIERARCHY = SOFT for pll_inst. (constraint file  auto generated constraint).
Applied set_property KEEP_HIERARCHY = SOFT for student_top_inst/bridge_inst/dram_driver_inst/Mem_DRAM. (constraint file  auto generated constraint).
---------------------------------------------------------------------------------
Finished applying 'set_property' XDC Constraints : Time (s): cpu = 00:00:14 ; elapsed = 00:00:23 . Memory (MB): peak = 1606.363 ; gain = 649.051
---------------------------------------------------------------------------------
INFO: [Synth 8-802] inferred FSM for state register 'rx_state_reg' in module 'uart'
INFO: [Synth 8-802] inferred FSM for state register 'tx_state_reg' in module 'uart'
INFO: [Synth 8-802] inferred FSM for state register 'current_state_reg' in module 'twin_controller'
---------------------------------------------------------------------------------------------------
                   State |                     New Encoding |                Previous Encoding 
---------------------------------------------------------------------------------------------------
                  iSTATE |                               00 |                             0000
                 iSTATE0 |                               01 |                             0001
                 iSTATE1 |                               10 |                             0010
                 iSTATE2 |                               11 |                             0011
---------------------------------------------------------------------------------------------------
INFO: [Synth 8-3354] encoded FSM with state register 'rx_state_reg' using encoding 'sequential' in module 'uart'
---------------------------------------------------------------------------------------------------
                   State |                     New Encoding |                Previous Encoding 
---------------------------------------------------------------------------------------------------
                  iSTATE |                                0 |                             0000
                 iSTATE0 |                                1 |                             0001
---------------------------------------------------------------------------------------------------
INFO: [Synth 8-3354] encoded FSM with state register 'tx_state_reg' using encoding 'sequential' in module 'uart'
---------------------------------------------------------------------------------------------------
                   State |                     New Encoding |                Previous Encoding 
---------------------------------------------------------------------------------------------------
                    IDLE |                               00 |                               00
                    SEND |                               01 |                               01
                  iSTATE |                               10 |                               11
*
---------------------------------------------------------------------------------------------------
INFO: [Synth 8-3354] encoded FSM with state register 'current_state_reg' using encoding 'sequential' in module 'twin_controller'
WARNING: [Synth 8-327] inferring latch for variable 'rs1_reg' [C:/Users/39551/Desktop/College/Contest/JinyedaCup/Complex-CPU-Design-Based-on-RISC-V/digital_twin/digital_twin.srcs/sources_1/new/control_unit.v:46]
WARNING: [Synth 8-327] inferring latch for variable 'rs2_reg' [C:/Users/39551/Desktop/College/Contest/JinyedaCup/Complex-CPU-Design-Based-on-RISC-V/digital_twin/digital_twin.srcs/sources_1/new/control_unit.v:47]
WARNING: [Synth 8-327] inferring latch for variable 'rd_reg' [C:/Users/39551/Desktop/College/Contest/JinyedaCup/Complex-CPU-Design-Based-on-RISC-V/digital_twin/digital_twin.srcs/sources_1/new/control_unit.v:48]
WARNING: [Synth 8-327] inferring latch for variable 'registers_reg[0]' [C:/Users/39551/Desktop/College/Contest/JinyedaCup/Complex-CPU-Design-Based-on-RISC-V/digital_twin/digital_twin.srcs/sources_1/new/register_file.v:22]
WARNING: [Synth 8-327] inferring latch for variable 'registers_reg[1]' [C:/Users/39551/Desktop/College/Contest/JinyedaCup/Complex-CPU-Design-Based-on-RISC-V/digital_twin/digital_twin.srcs/sources_1/new/register_file.v:22]
WARNING: [Synth 8-327] inferring latch for variable 'registers_reg[2]' [C:/Users/39551/Desktop/College/Contest/JinyedaCup/Complex-CPU-Design-Based-on-RISC-V/digital_twin/digital_twin.srcs/sources_1/new/register_file.v:22]
WARNING: [Synth 8-327] inferring latch for variable 'registers_reg[3]' [C:/Users/39551/Desktop/College/Contest/JinyedaCup/Complex-CPU-Design-Based-on-RISC-V/digital_twin/digital_twin.srcs/sources_1/new/register_file.v:22]
WARNING: [Synth 8-327] inferring latch for variable 'registers_reg[4]' [C:/Users/39551/Desktop/College/Contest/JinyedaCup/Complex-CPU-Design-Based-on-RISC-V/digital_twin/digital_twin.srcs/sources_1/new/register_file.v:22]
WARNING: [Synth 8-327] inferring latch for variable 'registers_reg[5]' [C:/Users/39551/Desktop/College/Contest/JinyedaCup/Complex-CPU-Design-Based-on-RISC-V/digital_twin/digital_twin.srcs/sources_1/new/register_file.v:22]
WARNING: [Synth 8-327] inferring latch for variable 'registers_reg[6]' [C:/Users/39551/Desktop/College/Contest/JinyedaCup/Complex-CPU-Design-Based-on-RISC-V/digital_twin/digital_twin.srcs/sources_1/new/register_file.v:22]
WARNING: [Synth 8-327] inferring latch for variable 'registers_reg[7]' [C:/Users/39551/Desktop/College/Contest/JinyedaCup/Complex-CPU-Design-Based-on-RISC-V/digital_twin/digital_twin.srcs/sources_1/new/register_file.v:22]
WARNING: [Synth 8-327] inferring latch for variable 'registers_reg[8]' [C:/Users/39551/Desktop/College/Contest/JinyedaCup/Complex-CPU-Design-Based-on-RISC-V/digital_twin/digital_twin.srcs/sources_1/new/register_file.v:22]
WARNING: [Synth 8-327] inferring latch for variable 'registers_reg[9]' [C:/Users/39551/Desktop/College/Contest/JinyedaCup/Complex-CPU-Design-Based-on-RISC-V/digital_twin/digital_twin.srcs/sources_1/new/register_file.v:22]
WARNING: [Synth 8-327] inferring latch for variable 'registers_reg[10]' [C:/Users/39551/Desktop/College/Contest/JinyedaCup/Complex-CPU-Design-Based-on-RISC-V/digital_twin/digital_twin.srcs/sources_1/new/register_file.v:22]
WARNING: [Synth 8-327] inferring latch for variable 'registers_reg[11]' [C:/Users/39551/Desktop/College/Contest/JinyedaCup/Complex-CPU-Design-Based-on-RISC-V/digital_twin/digital_twin.srcs/sources_1/new/register_file.v:22]
WARNING: [Synth 8-327] inferring latch for variable 'registers_reg[12]' [C:/Users/39551/Desktop/College/Contest/JinyedaCup/Complex-CPU-Design-Based-on-RISC-V/digital_twin/digital_twin.srcs/sources_1/new/register_file.v:22]
WARNING: [Synth 8-327] inferring latch for variable 'registers_reg[13]' [C:/Users/39551/Desktop/College/Contest/JinyedaCup/Complex-CPU-Design-Based-on-RISC-V/digital_twin/digital_twin.srcs/sources_1/new/register_file.v:22]
WARNING: [Synth 8-327] inferring latch for variable 'registers_reg[14]' [C:/Users/39551/Desktop/College/Contest/JinyedaCup/Complex-CPU-Design-Based-on-RISC-V/digital_twin/digital_twin.srcs/sources_1/new/register_file.v:22]
WARNING: [Synth 8-327] inferring latch for variable 'registers_reg[15]' [C:/Users/39551/Desktop/College/Contest/JinyedaCup/Complex-CPU-Design-Based-on-RISC-V/digital_twin/digital_twin.srcs/sources_1/new/register_file.v:22]
WARNING: [Synth 8-327] inferring latch for variable 'registers_reg[16]' [C:/Users/39551/Desktop/College/Contest/JinyedaCup/Complex-CPU-Design-Based-on-RISC-V/digital_twin/digital_twin.srcs/sources_1/new/register_file.v:22]
WARNING: [Synth 8-327] inferring latch for variable 'registers_reg[17]' [C:/Users/39551/Desktop/College/Contest/JinyedaCup/Complex-CPU-Design-Based-on-RISC-V/digital_twin/digital_twin.srcs/sources_1/new/register_file.v:22]
WARNING: [Synth 8-327] inferring latch for variable 'registers_reg[18]' [C:/Users/39551/Desktop/College/Contest/JinyedaCup/Complex-CPU-Design-Based-on-RISC-V/digital_twin/digital_twin.srcs/sources_1/new/register_file.v:22]
WARNING: [Synth 8-327] inferring latch for variable 'registers_reg[19]' [C:/Users/39551/Desktop/College/Contest/JinyedaCup/Complex-CPU-Design-Based-on-RISC-V/digital_twin/digital_twin.srcs/sources_1/new/register_file.v:22]
WARNING: [Synth 8-327] inferring latch for variable 'registers_reg[20]' [C:/Users/39551/Desktop/College/Contest/JinyedaCup/Complex-CPU-Design-Based-on-RISC-V/digital_twin/digital_twin.srcs/sources_1/new/register_file.v:22]
WARNING: [Synth 8-327] inferring latch for variable 'registers_reg[21]' [C:/Users/39551/Desktop/College/Contest/JinyedaCup/Complex-CPU-Design-Based-on-RISC-V/digital_twin/digital_twin.srcs/sources_1/new/register_file.v:22]
WARNING: [Synth 8-327] inferring latch for variable 'registers_reg[22]' [C:/Users/39551/Desktop/College/Contest/JinyedaCup/Complex-CPU-Design-Based-on-RISC-V/digital_twin/digital_twin.srcs/sources_1/new/register_file.v:22]
WARNING: [Synth 8-327] inferring latch for variable 'registers_reg[23]' [C:/Users/39551/Desktop/College/Contest/JinyedaCup/Complex-CPU-Design-Based-on-RISC-V/digital_twin/digital_twin.srcs/sources_1/new/register_file.v:22]
WARNING: [Synth 8-327] inferring latch for variable 'registers_reg[24]' [C:/Users/39551/Desktop/College/Contest/JinyedaCup/Complex-CPU-Design-Based-on-RISC-V/digital_twin/digital_twin.srcs/sources_1/new/register_file.v:22]
WARNING: [Synth 8-327] inferring latch for variable 'registers_reg[25]' [C:/Users/39551/Desktop/College/Contest/JinyedaCup/Complex-CPU-Design-Based-on-RISC-V/digital_twin/digital_twin.srcs/sources_1/new/register_file.v:22]
WARNING: [Synth 8-327] inferring latch for variable 'registers_reg[26]' [C:/Users/39551/Desktop/College/Contest/JinyedaCup/Complex-CPU-Design-Based-on-RISC-V/digital_twin/digital_twin.srcs/sources_1/new/register_file.v:22]
WARNING: [Synth 8-327] inferring latch for variable 'registers_reg[27]' [C:/Users/39551/Desktop/College/Contest/JinyedaCup/Complex-CPU-Design-Based-on-RISC-V/digital_twin/digital_twin.srcs/sources_1/new/register_file.v:22]
WARNING: [Synth 8-327] inferring latch for variable 'registers_reg[28]' [C:/Users/39551/Desktop/College/Contest/JinyedaCup/Complex-CPU-Design-Based-on-RISC-V/digital_twin/digital_twin.srcs/sources_1/new/register_file.v:22]
WARNING: [Synth 8-327] inferring latch for variable 'registers_reg[29]' [C:/Users/39551/Desktop/College/Contest/JinyedaCup/Complex-CPU-Design-Based-on-RISC-V/digital_twin/digital_twin.srcs/sources_1/new/register_file.v:22]
WARNING: [Synth 8-327] inferring latch for variable 'registers_reg[30]' [C:/Users/39551/Desktop/College/Contest/JinyedaCup/Complex-CPU-Design-Based-on-RISC-V/digital_twin/digital_twin.srcs/sources_1/new/register_file.v:22]
WARNING: [Synth 8-327] inferring latch for variable 'registers_reg[31]' [C:/Users/39551/Desktop/College/Contest/JinyedaCup/Complex-CPU-Design-Based-on-RISC-V/digital_twin/digital_twin.srcs/sources_1/new/register_file.v:22]
---------------------------------------------------------------------------------
Finished RTL Optimization Phase 2 : Time (s): cpu = 00:00:15 ; elapsed = 00:00:25 . Memory (MB): peak = 1606.363 ; gain = 649.051
---------------------------------------------------------------------------------
---------------------------------------------------------------------------------
Start RTL Component Statistics 
---------------------------------------------------------------------------------
Detailed RTL Component Info : 
+---Adders : 
	   2 Input   32 Bit       Adders := 8     
	   3 Input   32 Bit       Adders := 1     
	   2 Input   13 Bit       Adders := 3     
	   2 Input    5 Bit       Adders := 2     
	   2 Input    4 Bit       Adders := 2     
+---XORs : 
	   2 Input     32 Bit         XORs := 1     
+---Registers : 
	               64 Bit    Registers := 1     
	               32 Bit    Registers := 13    
	               16 Bit    Registers := 1     
	               13 Bit    Registers := 2     
	               10 Bit    Registers := 1     
	                8 Bit    Registers := 22    
	                5 Bit    Registers := 8     
	                4 Bit    Registers := 2     
	                3 Bit    Registers := 2     
	                1 Bit    Registers := 21    
+---Muxes : 
	   2 Input   64 Bit        Muxes := 2     
	  33 Input   32 Bit        Muxes := 2     
	   2 Input   32 Bit        Muxes := 19    
	   4 Input   32 Bit        Muxes := 6     
	   3 Input   32 Bit        Muxes := 1     
	   2 Input   24 Bit        Muxes := 4     
	   2 Input   16 Bit        Muxes := 2     
	   2 Input   13 Bit        Muxes := 4     
	   4 Input   13 Bit        Muxes := 1     
	   2 Input   10 Bit        Muxes := 1     
	   2 Input    8 Bit        Muxes := 4     
	   2 Input    5 Bit        Muxes := 1     
	   8 Input    5 Bit        Muxes := 2     
	  10 Input    5 Bit        Muxes := 3     
	   4 Input    4 Bit        Muxes := 1     
	   2 Input    4 Bit        Muxes := 5     
	   7 Input    4 Bit        Muxes := 1     
	   2 Input    3 Bit        Muxes := 2     
	  10 Input    3 Bit        Muxes := 2     
	   6 Input    3 Bit        Muxes := 1     
	   4 Input    2 Bit        Muxes := 2     
	   3 Input    2 Bit        Muxes := 2     
	   2 Input    2 Bit        Muxes := 7     
	   2 Input    1 Bit        Muxes := 54    
	   4 Input    1 Bit        Muxes := 6     
	   3 Input    1 Bit        Muxes := 5     
	  10 Input    1 Bit        Muxes := 7     
---------------------------------------------------------------------------------
Finished RTL Component Statistics 
---------------------------------------------------------------------------------
---------------------------------------------------------------------------------
Start Part Resource Summary
---------------------------------------------------------------------------------
Part Resources:
DSPs: 840 (col length:140)
BRAMs: 890 (col length: RAMB18 140 RAMB36 70)
---------------------------------------------------------------------------------
Finished Part Resource Summary
---------------------------------------------------------------------------------
---------------------------------------------------------------------------------
Start Cross Boundary and Area Optimization
---------------------------------------------------------------------------------
WARNING: [Synth 8-7080] Parallel synthesis criteria is not met
WARNING: [Synth 8-3332] Sequential element (Core_cpu/RF/registers_reg[0][31]) is unused and will be removed from module student_top.
WARNING: [Synth 8-3332] Sequential element (Core_cpu/RF/registers_reg[0][30]) is unused and will be removed from module student_top.
WARNING: [Synth 8-3332] Sequential element (Core_cpu/RF/registers_reg[0][29]) is unused and will be removed from module student_top.
WARNING: [Synth 8-3332] Sequential element (Core_cpu/RF/registers_reg[0][28]) is unused and will be removed from module student_top.
WARNING: [Synth 8-3332] Sequential element (Core_cpu/RF/registers_reg[0][27]) is unused and will be removed from module student_top.
WARNING: [Synth 8-3332] Sequential element (Core_cpu/RF/registers_reg[0][26]) is unused and will be removed from module student_top.
WARNING: [Synth 8-3332] Sequential element (Core_cpu/RF/registers_reg[0][25]) is unused and will be removed from module student_top.
WARNING: [Synth 8-3332] Sequential element (Core_cpu/RF/registers_reg[0][24]) is unused and will be removed from module student_top.
WARNING: [Synth 8-3332] Sequential element (Core_cpu/RF/registers_reg[0][23]) is unused and will be removed from module student_top.
WARNING: [Synth 8-3332] Sequential element (Core_cpu/RF/registers_reg[0][22]) is unused and will be removed from module student_top.
WARNING: [Synth 8-3332] Sequential element (Core_cpu/RF/registers_reg[0][21]) is unused and will be removed from module student_top.
WARNING: [Synth 8-3332] Sequential element (Core_cpu/RF/registers_reg[0][20]) is unused and will be removed from module student_top.
WARNING: [Synth 8-3332] Sequential element (Core_cpu/RF/registers_reg[0][19]) is unused and will be removed from module student_top.
WARNING: [Synth 8-3332] Sequential element (Core_cpu/RF/registers_reg[0][18]) is unused and will be removed from module student_top.
WARNING: [Synth 8-3332] Sequential element (Core_cpu/RF/registers_reg[0][17]) is unused and will be removed from module student_top.
WARNING: [Synth 8-3332] Sequential element (Core_cpu/RF/registers_reg[0][16]) is unused and will be removed from module student_top.
WARNING: [Synth 8-3332] Sequential element (Core_cpu/RF/registers_reg[0][15]) is unused and will be removed from module student_top.
WARNING: [Synth 8-3332] Sequential element (Core_cpu/RF/registers_reg[0][14]) is unused and will be removed from module student_top.
WARNING: [Synth 8-3332] Sequential element (Core_cpu/RF/registers_reg[0][13]) is unused and will be removed from module student_top.
WARNING: [Synth 8-3332] Sequential element (Core_cpu/RF/registers_reg[0][12]) is unused and will be removed from module student_top.
WARNING: [Synth 8-3332] Sequential element (Core_cpu/RF/registers_reg[0][11]) is unused and will be removed from module student_top.
WARNING: [Synth 8-3332] Sequential element (Core_cpu/RF/registers_reg[0][10]) is unused and will be removed from module student_top.
WARNING: [Synth 8-3332] Sequential element (Core_cpu/RF/registers_reg[0][9]) is unused and will be removed from module student_top.
WARNING: [Synth 8-3332] Sequential element (Core_cpu/RF/registers_reg[0][8]) is unused and will be removed from module student_top.
WARNING: [Synth 8-3332] Sequential element (Core_cpu/RF/registers_reg[0][7]) is unused and will be removed from module student_top.
WARNING: [Synth 8-3332] Sequential element (Core_cpu/RF/registers_reg[0][6]) is unused and will be removed from module student_top.
WARNING: [Synth 8-3332] Sequential element (Core_cpu/RF/registers_reg[0][5]) is unused and will be removed from module student_top.
WARNING: [Synth 8-3332] Sequential element (Core_cpu/RF/registers_reg[0][4]) is unused and will be removed from module student_top.
WARNING: [Synth 8-3332] Sequential element (Core_cpu/RF/registers_reg[0][3]) is unused and will be removed from module student_top.
WARNING: [Synth 8-3332] Sequential element (Core_cpu/RF/registers_reg[0][2]) is unused and will be removed from module student_top.
WARNING: [Synth 8-3332] Sequential element (Core_cpu/RF/registers_reg[0][1]) is unused and will be removed from module student_top.
WARNING: [Synth 8-3332] Sequential element (Core_cpu/RF/registers_reg[0][0]) is unused and will be removed from module student_top.
---------------------------------------------------------------------------------
Finished Cross Boundary and Area Optimization : Time (s): cpu = 00:00:32 ; elapsed = 00:00:52 . Memory (MB): peak = 1606.363 ; gain = 649.051
---------------------------------------------------------------------------------
---------------------------------------------------------------------------------
Start Applying XDC Timing Constraints
---------------------------------------------------------------------------------
---------------------------------------------------------------------------------
Finished Applying XDC Timing Constraints : Time (s): cpu = 00:00:36 ; elapsed = 00:00:58 . Memory (MB): peak = 1606.363 ; gain = 649.051
---------------------------------------------------------------------------------
---------------------------------------------------------------------------------
Start Timing Optimization
---------------------------------------------------------------------------------
---------------------------------------------------------------------------------
Finished Timing Optimization : Time (s): cpu = 00:00:42 ; elapsed = 00:01:08 . Memory (MB): peak = 1639.652 ; gain = 682.340
---------------------------------------------------------------------------------
---------------------------------------------------------------------------------
Start Technology Mapping
---------------------------------------------------------------------------------
WARNING: [Synth 8-3332] Sequential element (twin_controller_inst/FSM_sequential_current_state_reg[1]) is unused and will be removed from module top.
---------------------------------------------------------------------------------
Finished Technology Mapping : Time (s): cpu = 00:00:43 ; elapsed = 00:01:10 . Memory (MB): peak = 1639.730 ; gain = 682.418
---------------------------------------------------------------------------------
---------------------------------------------------------------------------------
Start IO Insertion
---------------------------------------------------------------------------------
---------------------------------------------------------------------------------
Start Flattening Before IO Insertion
---------------------------------------------------------------------------------
---------------------------------------------------------------------------------
Finished Flattening Before IO Insertion
---------------------------------------------------------------------------------
---------------------------------------------------------------------------------
Start Final Netlist Cleanup
---------------------------------------------------------------------------------
---------------------------------------------------------------------------------
Finished Final Netlist Cleanup
---------------------------------------------------------------------------------
---------------------------------------------------------------------------------
Finished IO Insertion : Time (s): cpu = 00:00:47 ; elapsed = 00:01:15 . Memory (MB): peak = 1648.555 ; gain = 691.242
---------------------------------------------------------------------------------
---------------------------------------------------------------------------------
Start Renaming Generated Instances
---------------------------------------------------------------------------------
---------------------------------------------------------------------------------
Finished Renaming Generated Instances : Time (s): cpu = 00:00:47 ; elapsed = 00:01:15 . Memory (MB): peak = 1648.555 ; gain = 691.242
---------------------------------------------------------------------------------
---------------------------------------------------------------------------------
Start Rebuilding User Hierarchy
---------------------------------------------------------------------------------
---------------------------------------------------------------------------------
Finished Rebuilding User Hierarchy : Time (s): cpu = 00:00:47 ; elapsed = 00:01:15 . Memory (MB): peak = 1648.555 ; gain = 691.242
---------------------------------------------------------------------------------
---------------------------------------------------------------------------------
Start Renaming Generated Ports
---------------------------------------------------------------------------------
---------------------------------------------------------------------------------
Finished Renaming Generated Ports : Time (s): cpu = 00:00:47 ; elapsed = 00:01:15 . Memory (MB): peak = 1648.555 ; gain = 691.242
---------------------------------------------------------------------------------
---------------------------------------------------------------------------------
Start Handling Custom Attributes
---------------------------------------------------------------------------------
---------------------------------------------------------------------------------
Finished Handling Custom Attributes : Time (s): cpu = 00:00:47 ; elapsed = 00:01:16 . Memory (MB): peak = 1648.555 ; gain = 691.242
---------------------------------------------------------------------------------
---------------------------------------------------------------------------------
Start Renaming Generated Nets
---------------------------------------------------------------------------------
---------------------------------------------------------------------------------
Finished Renaming Generated Nets : Time (s): cpu = 00:00:47 ; elapsed = 00:01:16 . Memory (MB): peak = 1648.555 ; gain = 691.242
---------------------------------------------------------------------------------
---------------------------------------------------------------------------------
Start Writing Synthesis Report
---------------------------------------------------------------------------------

Report BlackBoxes: 
+------+--------------+----------+
|      |BlackBox name |Instances |
+------+--------------+----------+
|1     |pll           |         1|
|2     |IROM          |         1|
|3     |DRAM          |         1|
+------+--------------+----------+

Report Cell Usage: 
+------+-------+------+
|      |Cell   |Count |
+------+-------+------+
|1     |DRAM   |     1|
|2     |IROM   |     1|
|3     |pll    |     1|
|4     |BUFG   |    12|
|5     |CARRY4 |    95|
|6     |LUT1   |     6|
|7     |LUT2   |   223|
|8     |LUT3   |   131|
|9     |LUT4   |   258|
|10    |LUT5   |   415|
|11    |LUT6   |  1350|
|12    |MUXF7  |   304|
|13    |MUXF8  |     8|
|14    |FDCE   |   692|
|15    |FDPE   |    14|
|16    |FDRE   |   113|
|17    |LD     |  1011|
|18    |IBUF   |     1|
|19    |OBUF   |    73|
+------+-------+------+
---------------------------------------------------------------------------------
Finished Writing Synthesis Report : Time (s): cpu = 00:00:47 ; elapsed = 00:01:16 . Memory (MB): peak = 1648.555 ; gain = 691.242
---------------------------------------------------------------------------------
Synthesis finished with 0 errors, 0 critical warnings and 69 warnings.
Synthesis Optimization Runtime : Time (s): cpu = 00:00:38 ; elapsed = 00:01:12 . Memory (MB): peak = 1648.555 ; gain = 603.062
Synthesis Optimization Complete : Time (s): cpu = 00:00:47 ; elapsed = 00:01:16 . Memory (MB): peak = 1648.555 ; gain = 691.242
INFO: [Project 1-571] Translating synthesized netlist
Netlist sorting complete. Time (s): cpu = 00:00:00 ; elapsed = 00:00:00.099 . Memory (MB): peak = 1660.625 ; gain = 0.000
INFO: [Netlist 29-17] Analyzing 1418 Unisim elements for replacement
INFO: [Netlist 29-28] Unisim Transformation completed in 0 CPU seconds
INFO: [Project 1-570] Preparing netlist for logic optimization
INFO: [Opt 31-138] Pushed 0 inverter(s) to 0 load pin(s).
Netlist sorting complete. Time (s): cpu = 00:00:00 ; elapsed = 00:00:00.001 . Memory (MB): peak = 1668.266 ; gain = 0.000
INFO: [Project 1-111] Unisim Transformation Summary:
  A total of 1011 instances were transformed.
  LD => LDCE: 1011 instances

系统找不到指定的路径。
Synth Design complete | Checksum: 6819813e
INFO: [Common 17-83] Releasing license: Synthesis
72 Infos, 98 Warnings, 0 Critical Warnings and 0 Errors encountered.
synth_design completed successfully
synth_design: Time (s): cpu = 00:00:53 ; elapsed = 00:01:29 . Memory (MB): peak = 1668.266 ; gain = 1162.035
Write ShapeDB Complete: Time (s): cpu = 00:00:00 ; elapsed = 00:00:00.012 . Memory (MB): peak = 1668.266 ; gain = 0.000
INFO: [Common 17-1381] The checkpoint 'C:/Users/39551/Desktop/College/Contest/JinyedaCup/Complex-CPU-Design-Based-on-RISC-V/digital_twin/digital_twin.runs/synth_1/top.dcp' has been generated.
INFO: [runtcl-4] Executing : report_utilization -file top_utilization_synth.rpt -pb top_utilization_synth.pb
INFO: [Common 17-206] Exiting Vivado at Mon May 19 22:07:24 2025...
