Copyright 1986-2022 Xilinx, Inc. All Rights Reserved. Copyright 2022-2023 Advanced Micro Devices, Inc. All Rights Reserved.
------------------------------------------------------------------------------------------------------------------------------------------------------------------------------------------------------------------------------------
| Tool Version : Vivado v.2023.2 (lin64) Build 4029153 Fri Oct 13 20:13:54 MDT 2023
| Date         : Sat Apr 19 20:03:41 2025
| Host         : mingzhenjia-OMEN-by-HP-Gaming-Laptop-16-wf0xxx running 64-bit Ubuntu 22.04.5 LTS
| Command      : report_timing_summary -max_paths 10 -report_unconstrained -file SPIC_Pipeline_timing_summary_routed.rpt -pb SPIC_Pipeline_timing_summary_routed.pb -rpx SPIC_Pipeline_timing_summary_routed.rpx -warn_on_violation
| Design       : SPIC_Pipeline
| Device       : 7a200t-fbg484
| Speed File   : -1  PRODUCTION 1.23 2018-06-13
| Design State : Routed
------------------------------------------------------------------------------------------------------------------------------------------------------------------------------------------------------------------------------------

Timing Summary Report

------------------------------------------------------------------------------------------------
| Timer Settings
| --------------
------------------------------------------------------------------------------------------------

  Enable Multi Corner Analysis               :  Yes
  Enable Pessimism Removal                   :  Yes
  Pessimism Removal Resolution               :  Nearest Common Node
  Enable Input Delay Default Clock           :  No
  Enable Preset / Clear Arcs                 :  No
  Disable Flight Delays                      :  No
  Ignore I/O Paths                           :  No
  Timing Early Launch at Borrowing Latches   :  No
  Borrow Time for Max Delay Exceptions       :  Yes
  Merge Timing Exceptions                    :  Yes
  Inter-SLR Compensation                     :  Conservative

  Corner  Analyze    Analyze    
  Name    Max Paths  Min Paths  
  ------  ---------  ---------  
  Slow    Yes        Yes        
  Fast    Yes        Yes        


------------------------------------------------------------------------------------------------
| Report Methodology
| ------------------
------------------------------------------------------------------------------------------------

Rule       Severity          Description                  Violations  
---------  ----------------  ---------------------------  ----------  
TIMING-17  Critical Warning  Non-clocked sequential cell  30          

Note: This report is based on the most recent report_methodology run and may not be up-to-date. Run report_methodology on the current design for the latest report.



check_timing report

Table of Contents
-----------------
1. checking no_clock (30)
2. checking constant_clock (0)
3. checking pulse_width_clock (0)
4. checking unconstrained_internal_endpoints (60)
5. checking no_input_delay (1)
6. checking no_output_delay (30)
7. checking multiple_clock (0)
8. checking generated_clocks (0)
9. checking loops (0)
10. checking partial_input_delay (0)
11. checking partial_output_delay (0)
12. checking latch_loops (0)

1. checking no_clock (30)
-------------------------
 There are 30 register/latch pins with no clock driven by root clock pin: clk (HIGH)


2. checking constant_clock (0)
------------------------------
 There are 0 register/latch pins with constant_clock.


3. checking pulse_width_clock (0)
---------------------------------
 There are 0 register/latch pins which need pulse_width check


4. checking unconstrained_internal_endpoints (60)
-------------------------------------------------
 There are 60 pins that are not constrained for maximum delay. (HIGH)

 There are 0 pins that are not constrained for maximum delay due to constant clock.


5. checking no_input_delay (1)
------------------------------
 There is 1 input port with no input delay specified. (HIGH)

 There are 0 input ports with no input delay but user has a false path constraint.


6. checking no_output_delay (30)
--------------------------------
 There are 30 ports with no output delay specified. (HIGH)

 There are 0 ports with no output delay but user has a false path constraint

 There are 0 ports with no output delay but with a timing clock defined on it or propagating through it


7. checking multiple_clock (0)
------------------------------
 There are 0 register/latch pins with multiple clocks.


8. checking generated_clocks (0)
--------------------------------
 There are 0 generated clocks that are not connected to a clock source.


9. checking loops (0)
---------------------
 There are 0 combinational loops in the design.


10. checking partial_input_delay (0)
------------------------------------
 There are 0 input ports with partial input delay specified.


11. checking partial_output_delay (0)
-------------------------------------
 There are 0 ports with partial output delay specified.


12. checking latch_loops (0)
----------------------------
 There are 0 combinational latch loops in the design through latch input



------------------------------------------------------------------------------------------------
| Design Timing Summary
| ---------------------
------------------------------------------------------------------------------------------------

    WNS(ns)      TNS(ns)  TNS Failing Endpoints  TNS Total Endpoints      WHS(ns)      THS(ns)  THS Failing Endpoints  THS Total Endpoints     WPWS(ns)     TPWS(ns)  TPWS Failing Endpoints  TPWS Total Endpoints  
    -------      -------  ---------------------  -------------------      -------      -------  ---------------------  -------------------     --------     --------  ----------------------  --------------------  
        inf        0.000                      0                   90          inf        0.000                      0                   90           NA           NA                      NA                    NA  


There are no user specified timing constraints.


------------------------------------------------------------------------------------------------
| Clock Summary
| -------------
------------------------------------------------------------------------------------------------


------------------------------------------------------------------------------------------------
| Intra Clock Table
| -----------------
------------------------------------------------------------------------------------------------

Clock             WNS(ns)      TNS(ns)  TNS Failing Endpoints  TNS Total Endpoints      WHS(ns)      THS(ns)  THS Failing Endpoints  THS Total Endpoints     WPWS(ns)     TPWS(ns)  TPWS Failing Endpoints  TPWS Total Endpoints  
-----             -------      -------  ---------------------  -------------------      -------      -------  ---------------------  -------------------     --------     --------  ----------------------  --------------------  


------------------------------------------------------------------------------------------------
| Inter Clock Table
| -----------------
------------------------------------------------------------------------------------------------

From Clock    To Clock          WNS(ns)      TNS(ns)  TNS Failing Endpoints  TNS Total Endpoints      WHS(ns)      THS(ns)  THS Failing Endpoints  THS Total Endpoints  
----------    --------          -------      -------  ---------------------  -------------------      -------      -------  ---------------------  -------------------  


------------------------------------------------------------------------------------------------
| Other Path Groups Table
| -----------------------
------------------------------------------------------------------------------------------------

Path Group    From Clock    To Clock          WNS(ns)      TNS(ns)  TNS Failing Endpoints  TNS Total Endpoints      WHS(ns)      THS(ns)  THS Failing Endpoints  THS Total Endpoints  
----------    ----------    --------          -------      -------  ---------------------  -------------------      -------      -------  ---------------------  -------------------  


------------------------------------------------------------------------------------------------
| User Ignored Path Table
| -----------------------
------------------------------------------------------------------------------------------------

Path Group    From Clock    To Clock    
----------    ----------    --------    


------------------------------------------------------------------------------------------------
| Unconstrained Path Table
| ------------------------
------------------------------------------------------------------------------------------------

Path Group    From Clock    To Clock    
----------    ----------    --------    
(none)                                    


------------------------------------------------------------------------------------------------
| Timing Details
| --------------
------------------------------------------------------------------------------------------------


--------------------------------------------------------------------------------------
Path Group:  (none)
From Clock:  
  To Clock:  

Max Delay            90 Endpoints
Min Delay            90 Endpoints
--------------------------------------------------------------------------------------


Max Delay Paths
--------------------------------------------------------------------------------------
Slack:                    inf
  Source:                 pc_reg[4]/C
                            (rising edge-triggered cell FDCE)
  Destination:            pc_out[4]
                            (output port)
  Path Group:             (none)
  Path Type:              Max at Slow Process Corner
  Data Path Delay:        5.477ns  (logic 3.066ns (55.980%)  route 2.411ns (44.020%))
  Logic Levels:           2  (FDCE=1 OBUF=1)

    Location             Delay type                Incr(ns)  Path(ns)    Netlist Resource(s)
  -------------------------------------------------------------------    -------------------
    SLICE_X0Y119         FDCE                         0.000     0.000 r  pc_reg[4]/C
    SLICE_X0Y119         FDCE (Prop_fdce_C_Q)         0.456     0.456 r  pc_reg[4]/Q
                         net (fo=2, routed)           2.411     2.867    pc_out_OBUF[4]
    N13                  OBUF (Prop_obuf_I_O)         2.610     5.477 r  pc_out_OBUF[4]_inst/O
                         net (fo=0)                   0.000     5.477    pc_out[4]
    N13                                                               r  pc_out[4] (OUT)
  -------------------------------------------------------------------    -------------------

Slack:                    inf
  Source:                 pc_reg[8]/C
                            (rising edge-triggered cell FDCE)
  Destination:            pc_out[8]
                            (output port)
  Path Group:             (none)
  Path Type:              Max at Slow Process Corner
  Data Path Delay:        5.312ns  (logic 3.058ns (57.564%)  route 2.254ns (42.436%))
  Logic Levels:           2  (FDCE=1 OBUF=1)

    Location             Delay type                Incr(ns)  Path(ns)    Netlist Resource(s)
  -------------------------------------------------------------------    -------------------
    SLICE_X0Y120         FDCE                         0.000     0.000 r  pc_reg[8]/C
    SLICE_X0Y120         FDCE (Prop_fdce_C_Q)         0.456     0.456 r  pc_reg[8]/Q
                         net (fo=2, routed)           2.254     2.710    pc_out_OBUF[8]
    N17                  OBUF (Prop_obuf_I_O)         2.602     5.312 r  pc_out_OBUF[8]_inst/O
                         net (fo=0)                   0.000     5.312    pc_out[8]
    N17                                                               r  pc_out[8] (OUT)
  -------------------------------------------------------------------    -------------------

Slack:                    inf
  Source:                 pc_reg[12]/C
                            (rising edge-triggered cell FDCE)
  Destination:            pc_out[12]
                            (output port)
  Path Group:             (none)
  Path Type:              Max at Slow Process Corner
  Data Path Delay:        5.270ns  (logic 3.064ns (58.140%)  route 2.206ns (41.860%))
  Logic Levels:           2  (FDCE=1 OBUF=1)

    Location             Delay type                Incr(ns)  Path(ns)    Netlist Resource(s)
  -------------------------------------------------------------------    -------------------
    SLICE_X0Y121         FDCE                         0.000     0.000 r  pc_reg[12]/C
    SLICE_X0Y121         FDCE (Prop_fdce_C_Q)         0.456     0.456 r  pc_reg[12]/Q
                         net (fo=2, routed)           2.206     2.662    pc_out_OBUF[12]
    P14                  OBUF (Prop_obuf_I_O)         2.608     5.270 r  pc_out_OBUF[12]_inst/O
                         net (fo=0)                   0.000     5.270    pc_out[12]
    P14                                                               r  pc_out[12] (OUT)
  -------------------------------------------------------------------    -------------------

Slack:                    inf
  Source:                 pc_reg[5]/C
                            (rising edge-triggered cell FDCE)
  Destination:            pc_out[5]
                            (output port)
  Path Group:             (none)
  Path Type:              Max at Slow Process Corner
  Data Path Delay:        5.228ns  (logic 3.077ns (58.853%)  route 2.151ns (41.147%))
  Logic Levels:           2  (FDCE=1 OBUF=1)

    Location             Delay type                Incr(ns)  Path(ns)    Netlist Resource(s)
  -------------------------------------------------------------------    -------------------
    SLICE_X0Y120         FDCE                         0.000     0.000 r  pc_reg[5]/C
    SLICE_X0Y120         FDCE (Prop_fdce_C_Q)         0.456     0.456 r  pc_reg[5]/Q
                         net (fo=2, routed)           2.151     2.607    pc_out_OBUF[5]
    R16                  OBUF (Prop_obuf_I_O)         2.621     5.228 r  pc_out_OBUF[5]_inst/O
                         net (fo=0)                   0.000     5.228    pc_out[5]
    R16                                                               r  pc_out[5] (OUT)
  -------------------------------------------------------------------    -------------------

Slack:                    inf
  Source:                 pc_reg[2]/C
                            (rising edge-triggered cell FDCE)
  Destination:            pc_out[2]
                            (output port)
  Path Group:             (none)
  Path Type:              Max at Slow Process Corner
  Data Path Delay:        5.208ns  (logic 3.060ns (58.766%)  route 2.147ns (41.234%))
  Logic Levels:           2  (FDCE=1 OBUF=1)

    Location             Delay type                Incr(ns)  Path(ns)    Netlist Resource(s)
  -------------------------------------------------------------------    -------------------
    SLICE_X0Y119         FDCE                         0.000     0.000 r  pc_reg[2]/C
    SLICE_X0Y119         FDCE (Prop_fdce_C_Q)         0.456     0.456 r  pc_reg[2]/Q
                         net (fo=3, routed)           2.147     2.603    pc_out_OBUF[2]
    P16                  OBUF (Prop_obuf_I_O)         2.604     5.208 r  pc_out_OBUF[2]_inst/O
                         net (fo=0)                   0.000     5.208    pc_out[2]
    P16                                                               r  pc_out[2] (OUT)
  -------------------------------------------------------------------    -------------------

Slack:                    inf
  Source:                 pc_reg[3]/C
                            (rising edge-triggered cell FDCE)
  Destination:            pc_out[3]
                            (output port)
  Path Group:             (none)
  Path Type:              Max at Slow Process Corner
  Data Path Delay:        5.198ns  (logic 3.060ns (58.872%)  route 2.138ns (41.128%))
  Logic Levels:           2  (FDCE=1 OBUF=1)

    Location             Delay type                Incr(ns)  Path(ns)    Netlist Resource(s)
  -------------------------------------------------------------------    -------------------
    SLICE_X0Y119         FDCE                         0.000     0.000 r  pc_reg[3]/C
    SLICE_X0Y119         FDCE (Prop_fdce_C_Q)         0.456     0.456 r  pc_reg[3]/Q
                         net (fo=2, routed)           2.138     2.594    pc_out_OBUF[3]
    N14                  OBUF (Prop_obuf_I_O)         2.604     5.198 r  pc_out_OBUF[3]_inst/O
                         net (fo=0)                   0.000     5.198    pc_out[3]
    N14                                                               r  pc_out[3] (OUT)
  -------------------------------------------------------------------    -------------------

Slack:                    inf
  Source:                 pc_reg[16]/C
                            (rising edge-triggered cell FDCE)
  Destination:            pc_out[16]
                            (output port)
  Path Group:             (none)
  Path Type:              Max at Slow Process Corner
  Data Path Delay:        5.173ns  (logic 3.124ns (60.393%)  route 2.049ns (39.607%))
  Logic Levels:           2  (FDCE=1 OBUF=1)

    Location             Delay type                Incr(ns)  Path(ns)    Netlist Resource(s)
  -------------------------------------------------------------------    -------------------
    SLICE_X0Y122         FDCE                         0.000     0.000 r  pc_reg[16]/C
    SLICE_X0Y122         FDCE (Prop_fdce_C_Q)         0.456     0.456 r  pc_reg[16]/Q
                         net (fo=2, routed)           2.049     2.505    pc_out_OBUF[16]
    AA18                 OBUF (Prop_obuf_I_O)         2.668     5.173 r  pc_out_OBUF[16]_inst/O
                         net (fo=0)                   0.000     5.173    pc_out[16]
    AA18                                                              r  pc_out[16] (OUT)
  -------------------------------------------------------------------    -------------------

Slack:                    inf
  Source:                 pc_reg[7]/C
                            (rising edge-triggered cell FDCE)
  Destination:            pc_out[7]
                            (output port)
  Path Group:             (none)
  Path Type:              Max at Slow Process Corner
  Data Path Delay:        5.152ns  (logic 3.059ns (59.385%)  route 2.092ns (40.615%))
  Logic Levels:           2  (FDCE=1 OBUF=1)

    Location             Delay type                Incr(ns)  Path(ns)    Netlist Resource(s)
  -------------------------------------------------------------------    -------------------
    SLICE_X0Y120         FDCE                         0.000     0.000 r  pc_reg[7]/C
    SLICE_X0Y120         FDCE (Prop_fdce_C_Q)         0.456     0.456 r  pc_reg[7]/Q
                         net (fo=2, routed)           2.092     2.548    pc_out_OBUF[7]
    P17                  OBUF (Prop_obuf_I_O)         2.603     5.152 r  pc_out_OBUF[7]_inst/O
                         net (fo=0)                   0.000     5.152    pc_out[7]
    P17                                                               r  pc_out[7] (OUT)
  -------------------------------------------------------------------    -------------------

Slack:                    inf
  Source:                 pc_reg[6]/C
                            (rising edge-triggered cell FDCE)
  Destination:            pc_out[6]
                            (output port)
  Path Group:             (none)
  Path Type:              Max at Slow Process Corner
  Data Path Delay:        5.143ns  (logic 3.065ns (59.593%)  route 2.078ns (40.407%))
  Logic Levels:           2  (FDCE=1 OBUF=1)

    Location             Delay type                Incr(ns)  Path(ns)    Netlist Resource(s)
  -------------------------------------------------------------------    -------------------
    SLICE_X0Y120         FDCE                         0.000     0.000 r  pc_reg[6]/C
    SLICE_X0Y120         FDCE (Prop_fdce_C_Q)         0.456     0.456 r  pc_reg[6]/Q
                         net (fo=2, routed)           2.078     2.534    pc_out_OBUF[6]
    P15                  OBUF (Prop_obuf_I_O)         2.609     5.143 r  pc_out_OBUF[6]_inst/O
                         net (fo=0)                   0.000     5.143    pc_out[6]
    P15                                                               r  pc_out[6] (OUT)
  -------------------------------------------------------------------    -------------------

Slack:                    inf
  Source:                 pc_reg[20]/C
                            (rising edge-triggered cell FDCE)
  Destination:            pc_out[20]
                            (output port)
  Path Group:             (none)
  Path Type:              Max at Slow Process Corner
  Data Path Delay:        5.128ns  (logic 3.127ns (60.968%)  route 2.002ns (39.032%))
  Logic Levels:           2  (FDCE=1 OBUF=1)

    Location             Delay type                Incr(ns)  Path(ns)    Netlist Resource(s)
  -------------------------------------------------------------------    -------------------
    SLICE_X0Y123         FDCE                         0.000     0.000 r  pc_reg[20]/C
    SLICE_X0Y123         FDCE (Prop_fdce_C_Q)         0.456     0.456 r  pc_reg[20]/Q
                         net (fo=2, routed)           2.002     2.458    pc_out_OBUF[20]
    AA19                 OBUF (Prop_obuf_I_O)         2.671     5.128 r  pc_out_OBUF[20]_inst/O
                         net (fo=0)                   0.000     5.128    pc_out[20]
    AA19                                                              r  pc_out[20] (OUT)
  -------------------------------------------------------------------    -------------------





Min Delay Paths
--------------------------------------------------------------------------------------
Slack:                    inf
  Source:                 pc_reg[2]/C
                            (rising edge-triggered cell FDCE)
  Destination:            pc_reg[3]/D
  Path Group:             (none)
  Path Type:              Min at Fast Process Corner
  Data Path Delay:        0.370ns  (logic 0.287ns (77.527%)  route 0.083ns (22.473%))
  Logic Levels:           2  (CARRY4=1 FDCE=1)

    Location             Delay type                Incr(ns)  Path(ns)    Netlist Resource(s)
  -------------------------------------------------------------------    -------------------
    SLICE_X0Y119         FDCE                         0.000     0.000 r  pc_reg[2]/C
    SLICE_X0Y119         FDCE (Prop_fdce_C_Q)         0.141     0.141 r  pc_reg[2]/Q
                         net (fo=3, routed)           0.083     0.224    pc_out_OBUF[2]
    SLICE_X0Y119         CARRY4 (Prop_carry4_DI[1]_O[2])
                                                      0.146     0.370 r  pc_reg[4]_i_1/O[2]
                         net (fo=1, routed)           0.000     0.370    pc_plus_4[3]
    SLICE_X0Y119         FDCE                                         r  pc_reg[3]/D
  -------------------------------------------------------------------    -------------------

Slack:                    inf
  Source:                 pc_reg[23]/C
                            (rising edge-triggered cell FDCE)
  Destination:            pc_reg[23]/D
  Path Group:             (none)
  Path Type:              Min at Fast Process Corner
  Data Path Delay:        0.386ns  (logic 0.252ns (65.354%)  route 0.134ns (34.646%))
  Logic Levels:           2  (CARRY4=1 FDCE=1)

    Location             Delay type                Incr(ns)  Path(ns)    Netlist Resource(s)
  -------------------------------------------------------------------    -------------------
    SLICE_X0Y124         FDCE                         0.000     0.000 r  pc_reg[23]/C
    SLICE_X0Y124         FDCE (Prop_fdce_C_Q)         0.141     0.141 r  pc_reg[23]/Q
                         net (fo=2, routed)           0.134     0.275    pc_out_OBUF[23]
    SLICE_X0Y124         CARRY4 (Prop_carry4_S[2]_O[2])
                                                      0.111     0.386 r  pc_reg[24]_i_1/O[2]
                         net (fo=1, routed)           0.000     0.386    pc_plus_4[23]
    SLICE_X0Y124         FDCE                                         r  pc_reg[23]/D
  -------------------------------------------------------------------    -------------------

Slack:                    inf
  Source:                 pc_reg[27]/C
                            (rising edge-triggered cell FDCE)
  Destination:            pc_reg[27]/D
  Path Group:             (none)
  Path Type:              Min at Fast Process Corner
  Data Path Delay:        0.386ns  (logic 0.252ns (65.343%)  route 0.134ns (34.657%))
  Logic Levels:           2  (CARRY4=1 FDCE=1)

    Location             Delay type                Incr(ns)  Path(ns)    Netlist Resource(s)
  -------------------------------------------------------------------    -------------------
    SLICE_X0Y125         FDCE                         0.000     0.000 r  pc_reg[27]/C
    SLICE_X0Y125         FDCE (Prop_fdce_C_Q)         0.141     0.141 r  pc_reg[27]/Q
                         net (fo=2, routed)           0.134     0.275    pc_out_OBUF[27]
    SLICE_X0Y125         CARRY4 (Prop_carry4_S[2]_O[2])
                                                      0.111     0.386 r  pc_reg[28]_i_1/O[2]
                         net (fo=1, routed)           0.000     0.386    pc_plus_4[27]
    SLICE_X0Y125         FDCE                                         r  pc_reg[27]/D
  -------------------------------------------------------------------    -------------------

Slack:                    inf
  Source:                 pc_reg[11]/C
                            (rising edge-triggered cell FDCE)
  Destination:            pc_reg[11]/D
  Path Group:             (none)
  Path Type:              Min at Fast Process Corner
  Data Path Delay:        0.388ns  (logic 0.252ns (64.978%)  route 0.136ns (35.022%))
  Logic Levels:           2  (CARRY4=1 FDCE=1)

    Location             Delay type                Incr(ns)  Path(ns)    Netlist Resource(s)
  -------------------------------------------------------------------    -------------------
    SLICE_X0Y121         FDCE                         0.000     0.000 r  pc_reg[11]/C
    SLICE_X0Y121         FDCE (Prop_fdce_C_Q)         0.141     0.141 r  pc_reg[11]/Q
                         net (fo=2, routed)           0.136     0.277    pc_out_OBUF[11]
    SLICE_X0Y121         CARRY4 (Prop_carry4_S[2]_O[2])
                                                      0.111     0.388 r  pc_reg[12]_i_1/O[2]
                         net (fo=1, routed)           0.000     0.388    pc_plus_4[11]
    SLICE_X0Y121         FDCE                                         r  pc_reg[11]/D
  -------------------------------------------------------------------    -------------------

Slack:                    inf
  Source:                 pc_reg[15]/C
                            (rising edge-triggered cell FDCE)
  Destination:            pc_reg[15]/D
  Path Group:             (none)
  Path Type:              Min at Fast Process Corner
  Data Path Delay:        0.388ns  (logic 0.252ns (64.978%)  route 0.136ns (35.022%))
  Logic Levels:           2  (CARRY4=1 FDCE=1)

    Location             Delay type                Incr(ns)  Path(ns)    Netlist Resource(s)
  -------------------------------------------------------------------    -------------------
    SLICE_X0Y122         FDCE                         0.000     0.000 r  pc_reg[15]/C
    SLICE_X0Y122         FDCE (Prop_fdce_C_Q)         0.141     0.141 r  pc_reg[15]/Q
                         net (fo=2, routed)           0.136     0.277    pc_out_OBUF[15]
    SLICE_X0Y122         CARRY4 (Prop_carry4_S[2]_O[2])
                                                      0.111     0.388 r  pc_reg[16]_i_1/O[2]
                         net (fo=1, routed)           0.000     0.388    pc_plus_4[15]
    SLICE_X0Y122         FDCE                                         r  pc_reg[15]/D
  -------------------------------------------------------------------    -------------------

Slack:                    inf
  Source:                 pc_reg[19]/C
                            (rising edge-triggered cell FDCE)
  Destination:            pc_reg[19]/D
  Path Group:             (none)
  Path Type:              Min at Fast Process Corner
  Data Path Delay:        0.388ns  (logic 0.252ns (64.978%)  route 0.136ns (35.022%))
  Logic Levels:           2  (CARRY4=1 FDCE=1)

    Location             Delay type                Incr(ns)  Path(ns)    Netlist Resource(s)
  -------------------------------------------------------------------    -------------------
    SLICE_X0Y123         FDCE                         0.000     0.000 r  pc_reg[19]/C
    SLICE_X0Y123         FDCE (Prop_fdce_C_Q)         0.141     0.141 r  pc_reg[19]/Q
                         net (fo=2, routed)           0.136     0.277    pc_out_OBUF[19]
    SLICE_X0Y123         CARRY4 (Prop_carry4_S[2]_O[2])
                                                      0.111     0.388 r  pc_reg[20]_i_1/O[2]
                         net (fo=1, routed)           0.000     0.388    pc_plus_4[19]
    SLICE_X0Y123         FDCE                                         r  pc_reg[19]/D
  -------------------------------------------------------------------    -------------------

Slack:                    inf
  Source:                 pc_reg[31]/C
                            (rising edge-triggered cell FDCE)
  Destination:            pc_reg[31]/D
  Path Group:             (none)
  Path Type:              Min at Fast Process Corner
  Data Path Delay:        0.388ns  (logic 0.252ns (64.978%)  route 0.136ns (35.022%))
  Logic Levels:           2  (CARRY4=1 FDCE=1)

    Location             Delay type                Incr(ns)  Path(ns)    Netlist Resource(s)
  -------------------------------------------------------------------    -------------------
    SLICE_X0Y126         FDCE                         0.000     0.000 r  pc_reg[31]/C
    SLICE_X0Y126         FDCE (Prop_fdce_C_Q)         0.141     0.141 r  pc_reg[31]/Q
                         net (fo=2, routed)           0.136     0.277    pc_out_OBUF[31]
    SLICE_X0Y126         CARRY4 (Prop_carry4_S[2]_O[2])
                                                      0.111     0.388 r  pc_reg[31]_i_1/O[2]
                         net (fo=1, routed)           0.000     0.388    pc_plus_4[31]
    SLICE_X0Y126         FDCE                                         r  pc_reg[31]/D
  -------------------------------------------------------------------    -------------------

Slack:                    inf
  Source:                 pc_reg[7]/C
                            (rising edge-triggered cell FDCE)
  Destination:            pc_reg[7]/D
  Path Group:             (none)
  Path Type:              Min at Fast Process Corner
  Data Path Delay:        0.388ns  (logic 0.252ns (64.978%)  route 0.136ns (35.022%))
  Logic Levels:           2  (CARRY4=1 FDCE=1)

    Location             Delay type                Incr(ns)  Path(ns)    Netlist Resource(s)
  -------------------------------------------------------------------    -------------------
    SLICE_X0Y120         FDCE                         0.000     0.000 r  pc_reg[7]/C
    SLICE_X0Y120         FDCE (Prop_fdce_C_Q)         0.141     0.141 r  pc_reg[7]/Q
                         net (fo=2, routed)           0.136     0.277    pc_out_OBUF[7]
    SLICE_X0Y120         CARRY4 (Prop_carry4_S[2]_O[2])
                                                      0.111     0.388 r  pc_reg[8]_i_1/O[2]
                         net (fo=1, routed)           0.000     0.388    pc_plus_4[7]
    SLICE_X0Y120         FDCE                                         r  pc_reg[7]/D
  -------------------------------------------------------------------    -------------------

Slack:                    inf
  Source:                 pc_reg[2]/C
                            (rising edge-triggered cell FDCE)
  Destination:            pc_reg[4]/D
  Path Group:             (none)
  Path Type:              Min at Fast Process Corner
  Data Path Delay:        0.391ns  (logic 0.308ns (78.733%)  route 0.083ns (21.267%))
  Logic Levels:           2  (CARRY4=1 FDCE=1)

    Location             Delay type                Incr(ns)  Path(ns)    Netlist Resource(s)
  -------------------------------------------------------------------    -------------------
    SLICE_X0Y119         FDCE                         0.000     0.000 r  pc_reg[2]/C
    SLICE_X0Y119         FDCE (Prop_fdce_C_Q)         0.141     0.141 r  pc_reg[2]/Q
                         net (fo=3, routed)           0.083     0.224    pc_out_OBUF[2]
    SLICE_X0Y119         CARRY4 (Prop_carry4_DI[1]_O[3])
                                                      0.167     0.391 r  pc_reg[4]_i_1/O[3]
                         net (fo=1, routed)           0.000     0.391    pc_plus_4[4]
    SLICE_X0Y119         FDCE                                         r  pc_reg[4]/D
  -------------------------------------------------------------------    -------------------

Slack:                    inf
  Source:                 pc_reg[23]/C
                            (rising edge-triggered cell FDCE)
  Destination:            pc_reg[24]/D
  Path Group:             (none)
  Path Type:              Min at Fast Process Corner
  Data Path Delay:        0.419ns  (logic 0.285ns (68.085%)  route 0.134ns (31.915%))
  Logic Levels:           2  (CARRY4=1 FDCE=1)

    Location             Delay type                Incr(ns)  Path(ns)    Netlist Resource(s)
  -------------------------------------------------------------------    -------------------
    SLICE_X0Y124         FDCE                         0.000     0.000 r  pc_reg[23]/C
    SLICE_X0Y124         FDCE (Prop_fdce_C_Q)         0.141     0.141 r  pc_reg[23]/Q
                         net (fo=2, routed)           0.134     0.275    pc_out_OBUF[23]
    SLICE_X0Y124         CARRY4 (Prop_carry4_S[2]_O[3])
                                                      0.144     0.419 r  pc_reg[24]_i_1/O[3]
                         net (fo=1, routed)           0.000     0.419    pc_plus_4[24]
    SLICE_X0Y124         FDCE                                         r  pc_reg[24]/D
  -------------------------------------------------------------------    -------------------





