INFO: [VRFC 10-2263] Analyzing Verilog file "C:/Users/39551/Desktop/College/Contest/JinyedaCup/Complex-CPU-Design-Based-on-RISC-V/digital_twin/digital_twin.gen/sources_1/ip/DRAM/sim/DRAM.v" into library xil_defaultlib
INFO: [VRFC 10-311] analyzing module DRAM
INFO: [VRFC 10-2263] Analyzing Verilog file "C:/Users/39551/Desktop/College/Contest/JinyedaCup/Complex-CPU-Design-Based-on-RISC-V/digital_twin/digital_twin.gen/sources_1/ip/IROM/sim/IROM.v" into library xil_defaultlib
INFO: [VRFC 10-311] analyzing module IROM
INFO: [VRFC 10-2263] Analyzing Verilog file "C:/Users/39551/Desktop/College/Contest/JinyedaCup/Complex-CPU-Design-Based-on-RISC-V/digital_twin/digital_twin.gen/sources_1/ip/ILA_SPIC/sim/ILA_SPIC.v" into library xil_defaultlib
INFO: [VRFC 10-311] analyzing module ILA_SPIC
INFO: [VRFC 10-2263] Analyzing Verilog file "C:/Users/39551/Desktop/College/Contest/JinyedaCup/Complex-CPU-Design-Based-on-RISC-V/digital_twin/digital_twin.gen/sources_1/ip/ILA_REG/sim/ILA_REG.v" into library xil_defaultlib
INFO: [VRFC 10-311] analyzing module ILA_REG
INFO: [VRFC 10-2263] Analyzing Verilog file "C:/Users/39551/Desktop/College/Contest/JinyedaCup/Complex-CPU-Design-Based-on-RISC-V/digital_twin/digital_twin.gen/sources_1/ip/pll_1/pll_clk_wiz.v" into library xil_defaultlib
INFO: [VRFC 10-311] analyzing module pll_clk_wiz
INFO: [VRFC 10-2263] Analyzing Verilog file "C:/Users/39551/Desktop/College/Contest/JinyedaCup/Complex-CPU-Design-Based-on-RISC-V/digital_twin/digital_twin.gen/sources_1/ip/pll_1/pll.v" into library xil_defaultlib
INFO: [VRFC 10-311] analyzing module pll
INFO: [VRFC 10-2263] Analyzing Verilog file "C:/Users/39551/Desktop/College/Contest/JinyedaCup/Complex-CPU-Design-Based-on-RISC-V/digital_twin/digital_twin.srcs/sources_1/new/SPIC.v" into library xil_defaultlib
INFO: [VRFC 10-311] analyzing module SPIC_Pipeline
INFO: [VRFC 10-2263] Analyzing Verilog file "C:/Users/39551/Desktop/College/Contest/JinyedaCup/Complex-CPU-Design-Based-on-RISC-V/digital_twin/digital_twin.srcs/sources_1/new/alu.v" into library xil_defaultlib
INFO: [VRFC 10-311] analyzing module alu
INFO: [VRFC 10-2263] Analyzing Verilog file "C:/Users/39551/Desktop/College/Contest/JinyedaCup/Complex-CPU-Design-Based-on-RISC-V/digital_twin/digital_twin.srcs/sources_1/new/control_unit.v" into library xil_defaultlib
INFO: [VRFC 10-311] analyzing module control_unit
INFO: [VRFC 10-2263] Analyzing Verilog file "C:/Users/39551/Desktop/College/Contest/JinyedaCup/Complex-CPU-Design-Based-on-RISC-V/digital_twin/digital_twin.srcs/sources_1/new/forwarding_unit.v" into library xil_defaultlib
INFO: [VRFC 10-311] analyzing module forwarding_unit
INFO: [VRFC 10-2263] Analyzing Verilog file "C:/Users/39551/Desktop/College/Contest/JinyedaCup/Complex-CPU-Design-Based-on-RISC-V/digital_twin/digital_twin.srcs/sources_1/new/hazard_detectioin_unit.v" into library xil_defaultlib
INFO: [VRFC 10-311] analyzing module hazard_detection_unit
INFO: [VRFC 10-2263] Analyzing Verilog file "C:/Users/39551/Desktop/College/Contest/JinyedaCup/Complex-CPU-Design-Based-on-RISC-V/digital_twin/digital_twin.srcs/sources_1/new/immediate_gen.v" into library xil_defaultlib
INFO: [VRFC 10-311] analyzing module immediate_gen
INFO: [VRFC 10-2263] Analyzing Verilog file "C:/Users/39551/Desktop/College/Contest/JinyedaCup/Complex-CPU-Design-Based-on-RISC-V/digital_twin/digital_twin.srcs/sources_1/new/register_file.v" into library xil_defaultlib
INFO: [VRFC 10-311] analyzing module register_file
